#
# There is insufficient memory for the Java Runtime Environment to continue.
# Native memory allocation (mmap) failed to map 110100480 bytes for G1 virtual space
# Possible reasons:
#   The system is out of physical RAM or swap space
#   The process is running with CompressedOops enabled, and the Java Heap may be blocking the growth of the native heap
# Possible solutions:
#   Reduce memory load on the system
#   Increase physical memory or swap space
#   Check if swap backing store is full
#   Decrease Java heap size (-Xmx/-Xms)
#   Decrease number of Java threads
#   Decrease Java thread stack sizes (-Xss)
#   Set larger code cache with -XX:ReservedCodeCacheSize=
#   JVM is running with Unscaled Compressed Oops mode in which the Java heap is
#     placed in the first 4GB address space. The Java Heap base address is the
#     maximum limit for the native heap growth. Please use -XX:HeapBaseMinAddress
#     to set the Java Heap base and to place the Java Heap above 4GB virtual address.
# This output file may be truncated or incomplete.
#
#  Out of Memory Error (os_windows.cpp:3530), pid=20184, tid=19712
#
# JRE version: OpenJDK Runtime Environment (18.0.1.1+2) (build 18.0.1.1+2-6)
# Java VM: OpenJDK 64-Bit Server VM (18.0.1.1+2-6, mixed mode, sharing, tiered, compressed oops, compressed class ptrs, g1 gc, windows-amd64)
# No core dump will be written. Minidumps are not enabled by default on client versions of Windows
#

---------------  S U M M A R Y ------------

Command Line: -Dorg.gradle.internal.worker.tmpdir=P:\Projects\JetBrains\IntelliJIDEA\RPKS_2\git_Clone\JavaServiceManagment\build\tmp\test\work -Dorg.gradle.native=false -Xmx512m -Dfile.encoding=windows-1251 -Duser.country=RU -Duser.language=ru -Duser.variant -ea worker.org.gradle.process.internal.worker.GradleWorkerMain 'Gradle Test Executor 9'

Host: AMD Ryzen 5 3500U with Radeon Vega Mobile Gfx  , 8 cores, 6G,  Windows 11 , 64 bit Build 22621 (10.0.22621.1778)
Time: Wed Jun 21 04:19:42 2023 RTZ 2 (s 11 , 64 bit Build 22621 (10.0.22621.1778) elapsed time: 27.203847 seconds (0d 0h 0m 27s)

---------------  T H R E A D  ---------------

Current thread (0x0000022bfad1ed00):  VMThread "VM Thread" [stack: 0x000000a6fd300000,0x000000a6fd400000] [id=19712]

Stack: [0x000000a6fd300000,0x000000a6fd400000]
Native frames: (J=compiled Java code, j=interpreted, Vv=VM code, C=native code)
V  [jvm.dll+0x69887a]
V  [jvm.dll+0x7f38bd]
V  [jvm.dll+0x7f51ce]
V  [jvm.dll+0x7f5883]
V  [jvm.dll+0x25ca3f]
V  [jvm.dll+0x6957c9]
V  [jvm.dll+0x68a2fa]
V  [jvm.dll+0x321efb]
V  [jvm.dll+0x3298d6]
V  [jvm.dll+0x37e47e]
V  [jvm.dll+0x37e6af]
V  [jvm.dll+0x2f9c7a]
V  [jvm.dll+0x2f9d27]
V  [jvm.dll+0x33e262]
V  [jvm.dll+0x33c804]
V  [jvm.dll+0x2f9450]
V  [jvm.dll+0x33bddb]
V  [jvm.dll+0x7fa66b]
V  [jvm.dll+0x7fb404]
V  [jvm.dll+0x7fb93c]
V  [jvm.dll+0x7fbd94]
V  [jvm.dll+0x7fbe57]
V  [jvm.dll+0x7a03ea]
V  [jvm.dll+0x697725]
C  [ucrtbase.dll+0x29363]
C  [KERNEL32.DLL+0x126ad]
C  [ntdll.dll+0x5a9f8]

VM_Operation (0x000000a6fcdf8dd0): G1CollectForAllocation, mode: safepoint, requested by thread 0x0000022bfacdf5c0


---------------  P R O C E S S  ---------------

Threads class SMR info:
_java_thread_list=0x0000022b9e509b60, length=29, elements={
0x0000022bfacdf5c0, 0x0000022bfeda4e70, 0x0000022bfeda5810, 0x0000022bfedbb560,
0x0000022bfedbdf10, 0x0000022bfedbe8b0, 0x0000022bfedbf250, 0x0000022bfedc3f40,
0x0000022bfedc7670, 0x0000022bfedd9af0, 0x0000022b9ae84a20, 0x0000022b9aea0f70,
0x0000022b9b5e4850, 0x0000022b9b5b8d10, 0x0000022b9b3f5e80, 0x0000022b9c5257c0,
0x0000022b9c525c80, 0x0000022b9c584a70, 0x0000022b9c585410, 0x0000022b9c5858e0,
0x0000022b9c586280, 0x0000022b9c583c00, 0x0000022b9c5845a0, 0x0000022b9c585db0,
0x0000022b9c582d90, 0x0000022b9c5840d0, 0x0000022b9c583260, 0x0000022b9c583730,
0x0000022b9d95cb50
}

Java Threads: ( => current thread )
  0x0000022bfacdf5c0 JavaThread "Test worker" [_thread_blocked, id=12220, stack(0x000000a6fcd00000,0x000000a6fce00000)]
  0x0000022bfeda4e70 JavaThread "Reference Handler" daemon [_thread_blocked, id=19500, stack(0x000000a6fd400000,0x000000a6fd500000)]
  0x0000022bfeda5810 JavaThread "Finalizer" daemon [_thread_blocked, id=7488, stack(0x000000a6fd500000,0x000000a6fd600000)]
  0x0000022bfedbb560 JavaThread "Signal Dispatcher" daemon [_thread_blocked, id=5624, stack(0x000000a6fd600000,0x000000a6fd700000)]
  0x0000022bfedbdf10 JavaThread "Attach Listener" daemon [_thread_blocked, id=13520, stack(0x000000a6fd700000,0x000000a6fd800000)]
  0x0000022bfedbe8b0 JavaThread "Service Thread" daemon [_thread_blocked, id=5720, stack(0x000000a6fd800000,0x000000a6fd900000)]
  0x0000022bfedbf250 JavaThread "Monitor Deflation Thread" daemon [_thread_blocked, id=14188, stack(0x000000a6fd900000,0x000000a6fda00000)]
  0x0000022bfedc3f40 JavaThread "C2 CompilerThread0" daemon [_thread_blocked, id=18956, stack(0x000000a6fda00000,0x000000a6fdb00000)]
  0x0000022bfedc7670 JavaThread "C1 CompilerThread0" daemon [_thread_blocked, id=16232, stack(0x000000a6fdb00000,0x000000a6fdc00000)]
  0x0000022bfedd9af0 JavaThread "Sweeper thread" daemon [_thread_blocked, id=9464, stack(0x000000a6fdc00000,0x000000a6fdd00000)]
  0x0000022b9ae84a20 JavaThread "Notification Thread" daemon [_thread_blocked, id=4712, stack(0x000000a6fdd00000,0x000000a6fde00000)]
  0x0000022b9aea0f70 JavaThread "Common-Cleaner" daemon [_thread_blocked, id=19600, stack(0x000000a6fdf00000,0x000000a6fe000000)]
  0x0000022b9b5e4850 JavaThread "/127.0.0.1:53222 to /127.0.0.1:53221 workers" [_thread_blocked, id=8756, stack(0x000000a6fe100000,0x000000a6fe200000)]
  0x0000022b9b5b8d10 JavaThread "/127.0.0.1:53222 to /127.0.0.1:53221 workers Thread 2" [_thread_blocked, id=14244, stack(0x000000a6fe200000,0x000000a6fe300000)]
  0x0000022b9b3f5e80 JavaThread "/127.0.0.1:53222 to /127.0.0.1:53221 workers Thread 3" [_thread_in_native, id=9460, stack(0x000000a6fe300000,0x000000a6fe400000)]
  0x0000022b9c5257c0 JavaThread "Thread-3" daemon [_thread_in_native, id=18664, stack(0x000000a6fed00000,0x000000a6fee00000)]
  0x0000022b9c525c80 JavaThread "Thread-4" daemon [_thread_in_native, id=12632, stack(0x000000a6fee00000,0x000000a6fef00000)]
  0x0000022b9c584a70 JavaThread "Thread-5" daemon [_thread_in_native, id=11680, stack(0x000000a6fef00000,0x000000a6ff000000)]
  0x0000022b9c585410 JavaThread "Thread-6" daemon [_thread_in_native, id=13888, stack(0x000000a6ff000000,0x000000a6ff100000)]
  0x0000022b9c5858e0 JavaThread "Thread-7" daemon [_thread_in_native, id=10320, stack(0x000000a6ff100000,0x000000a6ff200000)]
  0x0000022b9c586280 JavaThread "Thread-8" daemon [_thread_in_native, id=5740, stack(0x000000a6ff200000,0x000000a6ff300000)]
  0x0000022b9c583c00 JavaThread "Thread-9" daemon [_thread_in_native, id=11364, stack(0x000000a6ff300000,0x000000a6ff400000)]
  0x0000022b9c5845a0 JavaThread "Thread-10" daemon [_thread_in_native, id=12664, stack(0x000000a6ff400000,0x000000a6ff500000)]
  0x0000022b9c585db0 JavaThread "Thread-11" daemon [_thread_in_native, id=19464, stack(0x000000a6ff500000,0x000000a6ff600000)]
  0x0000022b9c582d90 JavaThread "Thread-16" daemon [_thread_blocked, id=10212, stack(0x000000a6ff700000,0x000000a6ff800000)]
  0x0000022b9c5840d0 JavaThread "Thread-17" daemon [_thread_blocked, id=16424, stack(0x000000a6ff800000,0x000000a6ff900000)]
  0x0000022b9c583260 JavaThread "Thread-18" daemon [_thread_blocked, id=16720, stack(0x000000a6ff900000,0x000000a6ffa00000)]
  0x0000022b9c583730 JavaThread "testcontainers-ryuk" daemon [_thread_blocked, id=8244, stack(0x000000a6ff600000,0x000000a6ff700000)]
  0x0000022b9d95cb50 JavaThread "HikariPool-1 housekeeper" daemon [_thread_blocked, id=300, stack(0x000000a6ffb00000,0x000000a6ffc00000)]

Other Threads:
=>0x0000022bfad1ed00 VMThread "VM Thread" [stack: 0x000000a6fd300000,0x000000a6fd400000] [id=19712]
  0x0000022b9ae88ef0 WatcherThread "VM Periodic Task Thread" [stack: 0x000000a6fde00000,0x000000a6fdf00000] [id=20032]
  0x0000022bfad12f90 WorkerThread "GC Thread#0" [stack: 0x000000a6fce00000,0x000000a6fcf00000] [id=8180]
  0x0000022b9b71d620 WorkerThread "GC Thread#1" [stack: 0x000000a6fe400000,0x000000a6fe500000] [id=18764]
  0x0000022b9b7be020 WorkerThread "GC Thread#2" [stack: 0x000000a6fe500000,0x000000a6fe600000] [id=5416]
  0x0000022b9b7be2c0 WorkerThread "GC Thread#3" [stack: 0x000000a6fe600000,0x000000a6fe700000] [id=12368]
  0x0000022b9b7e81a0 WorkerThread "GC Thread#4" [stack: 0x000000a6fe700000,0x000000a6fe800000] [id=19652]
  0x0000022b9bf00550 WorkerThread "GC Thread#5" [stack: 0x000000a6fe800000,0x000000a6fe900000] [id=20292]
  0x0000022b9bf007f0 WorkerThread "GC Thread#6" [stack: 0x000000a6fe900000,0x000000a6fea00000] [id=18448]
  0x0000022b9b7a0440 WorkerThread "GC Thread#7" [stack: 0x000000a6fea00000,0x000000a6feb00000] [id=11552]
  0x0000022bfad17ec0 ConcurrentGCThread "G1 Main Marker" [stack: 0x000000a6fcf00000,0x000000a6fd000000] [id=18904]
  0x0000022bfad18a10 WorkerThread "G1 Conc#0" [stack: 0x000000a6fd000000,0x000000a6fd100000] [id=19576]
  0x0000022b9c69e090 WorkerThread "G1 Conc#1" [stack: 0x000000a6fec00000,0x000000a6fed00000] [id=20252]
  0x0000022bfad8e3b0 ConcurrentGCThread "G1 Refine#0" [stack: 0x000000a6fd100000,0x000000a6fd200000] [id=6388]
  0x0000022b9b7a06e0 ConcurrentGCThread "G1 Refine#1" [stack: 0x000000a6feb00000,0x000000a6fec00000] [id=19300]
  0x0000022b9c616090 ConcurrentGCThread "G1 Refine#2" [stack: 0x000000a6ffa00000,0x000000a6ffb00000] [id=2676]
  0x0000022bfad8ecc0 ConcurrentGCThread "G1 Service" [stack: 0x000000a6fd200000,0x000000a6fd300000] [id=12208]

Threads with active compile tasks:
C2 CompilerThread0    27238 7168       4       org.springframework.boot.context.properties.source.ConfigurationPropertyName::elementsOf (147 bytes)

VM state: at safepoint (normal execution)

VM Mutex/Monitor currently owned by a thread:  ([mutex/lock_event])
[0x0000022bfacda980] Threads_lock - owner thread: 0x0000022bfad1ed00
[0x0000022bfacdb940] Heap_lock - owner thread: 0x0000022bfacdf5c0

Heap address: 0x00000000e0000000, size: 512 MB, Compressed Oops mode: 32-bit

CDS archive(s) mapped at: [0x0000000800000000-0x0000000800b90000-0x0000000800b90000), size 12124160, SharedBaseAddress: 0x0000000800000000, ArchiveRelocationMode: 0.
Compressed class space mapped at: 0x0000000800c00000-0x0000000840c00000, reserved size: 1073741824
Narrow klass base: 0x0000000800000000, Narrow klass shift: 0, Narrow klass range: 0x100000000

GC Precious Log:
 CardTable entry size: 512
 Card Set container configuration: InlinePtr #cards 5 size 8 Array Of Cards #cards 12 size 40 Howl #buckets 4 coarsen threshold 1843 Howl Bitmap #cards 512 size 80 coarsen threshold 460 Card regions per heap region 1 cards per card region 2048
 CPUs: 8 total, 8 available
 Memory: 7103M
 Large Page Support: Disabled
 NUMA Support: Disabled
 Compressed Oops: Enabled (32-bit)
 Heap Region Size: 1M
 Heap Min Capacity: 8M
 Heap Initial Capacity: 112M
 Heap Max Capacity: 512M
 Pre-touch: Disabled
 Parallel Workers: 8
 Concurrent Workers: 2
 Concurrent Refinement Workers: 8
 Periodic GC: Disabled

Heap:
 garbage-first heap   total 160768K, used 83456K [0x00000000e0000000, 0x0000000100000000)
  region size 1024K, 6 young (6144K), 6 survivors (6144K)
 Metaspace       used 75537K, committed 76352K, reserved 1179648K
  class space    used 10167K, committed 10560K, reserved 1048576K

Heap Regions: E=young(eden), S=young(survivor), O=old, HS=humongous(starts), HC=humongous(continues), CS=collection set, F=free, OA=open archive, CA=closed archive, TAMS=top-at-mark-start (previous, next)
|   0|0x00000000e0000000, 0x00000000e0100000, 0x00000000e0100000|100%|HS|  |TAMS 0x00000000e0100000, 0x00000000e0100000| Complete 
|   1|0x00000000e0100000, 0x00000000e0200000, 0x00000000e0200000|100%|HC|  |TAMS 0x00000000e0200000, 0x00000000e0200000| Complete 
|   2|0x00000000e0200000, 0x00000000e0300000, 0x00000000e0300000|100%|HS|  |TAMS 0x00000000e0300000, 0x00000000e0300000| Complete 
|   3|0x00000000e0300000, 0x00000000e0400000, 0x00000000e0400000|100%| O|  |TAMS 0x00000000e0400000, 0x00000000e0400000| Untracked 
|   4|0x00000000e0400000, 0x00000000e0500000, 0x00000000e0500000|100%| O|  |TAMS 0x00000000e0500000, 0x00000000e0500000| Untracked 
|   5|0x00000000e0500000, 0x00000000e0600000, 0x00000000e0600000|100%| O|  |TAMS 0x00000000e0600000, 0x00000000e0600000| Untracked 
|   6|0x00000000e0600000, 0x00000000e0700000, 0x00000000e0700000|100%| O|  |TAMS 0x00000000e0700000, 0x00000000e0700000| Untracked 
|   7|0x00000000e0700000, 0x00000000e0800000, 0x00000000e0800000|100%| O|  |TAMS 0x00000000e0800000, 0x00000000e0800000| Untracked 
|   8|0x00000000e0800000, 0x00000000e0900000, 0x00000000e0900000|100%| O|  |TAMS 0x00000000e0900000, 0x00000000e0900000| Untracked 
|   9|0x00000000e0900000, 0x00000000e0a00000, 0x00000000e0a00000|100%| O|  |TAMS 0x00000000e0a00000, 0x00000000e0a00000| Untracked 
|  10|0x00000000e0a00000, 0x00000000e0b00000, 0x00000000e0b00000|100%| O|  |TAMS 0x00000000e0b00000, 0x00000000e0b00000| Untracked 
|  11|0x00000000e0b00000, 0x00000000e0c00000, 0x00000000e0c00000|100%| O|  |TAMS 0x00000000e0c00000, 0x00000000e0c00000| Untracked 
|  12|0x00000000e0c00000, 0x00000000e0d00000, 0x00000000e0d00000|100%| O|  |TAMS 0x00000000e0d00000, 0x00000000e0d00000| Untracked 
|  13|0x00000000e0d00000, 0x00000000e0e00000, 0x00000000e0e00000|100%| O|  |TAMS 0x00000000e0e00000, 0x00000000e0e00000| Untracked 
|  14|0x00000000e0e00000, 0x00000000e0f00000, 0x00000000e0f00000|100%| O|  |TAMS 0x00000000e0f00000, 0x00000000e0f00000| Untracked 
|  15|0x00000000e0f00000, 0x00000000e1000000, 0x00000000e1000000|100%| O|  |TAMS 0x00000000e1000000, 0x00000000e1000000| Untracked 
|  16|0x00000000e1000000, 0x00000000e1100000, 0x00000000e1100000|100%| O|  |TAMS 0x00000000e1100000, 0x00000000e1100000| Untracked 
|  17|0x00000000e1100000, 0x00000000e1200000, 0x00000000e1200000|100%| O|  |TAMS 0x00000000e1200000, 0x00000000e1200000| Untracked 
|  18|0x00000000e1200000, 0x00000000e1300000, 0x00000000e1300000|100%| O|  |TAMS 0x00000000e1300000, 0x00000000e1300000| Untracked 
|  19|0x00000000e1300000, 0x00000000e1400000, 0x00000000e1400000|100%| O|  |TAMS 0x00000000e1400000, 0x00000000e1400000| Untracked 
|  20|0x00000000e1400000, 0x00000000e1500000, 0x00000000e1500000|100%| O|  |TAMS 0x00000000e1500000, 0x00000000e1500000| Untracked 
|  21|0x00000000e1500000, 0x00000000e1600000, 0x00000000e1600000|100%| O|  |TAMS 0x00000000e1600000, 0x00000000e1600000| Untracked 
|  22|0x00000000e1600000, 0x00000000e1700000, 0x00000000e1700000|100%| O|  |TAMS 0x00000000e1700000, 0x00000000e1700000| Untracked 
|  23|0x00000000e1700000, 0x00000000e1800000, 0x00000000e1800000|100%| O|  |TAMS 0x00000000e1800000, 0x00000000e1800000| Untracked 
|  24|0x00000000e1800000, 0x00000000e1900000, 0x00000000e1900000|100%| O|  |TAMS 0x00000000e1900000, 0x00000000e1900000| Untracked 
|  25|0x00000000e1900000, 0x00000000e1a00000, 0x00000000e1a00000|100%| O|  |TAMS 0x00000000e1a00000, 0x00000000e1a00000| Untracked 
|  26|0x00000000e1a00000, 0x00000000e1b00000, 0x00000000e1b00000|100%| O|  |TAMS 0x00000000e1b00000, 0x00000000e1b00000| Untracked 
|  27|0x00000000e1b00000, 0x00000000e1c00000, 0x00000000e1c00000|100%| O|  |TAMS 0x00000000e1c00000, 0x00000000e1c00000| Untracked 
|  28|0x00000000e1c00000, 0x00000000e1d00000, 0x00000000e1d00000|100%| O|  |TAMS 0x00000000e1d00000, 0x00000000e1d00000| Untracked 
|  29|0x00000000e1d00000, 0x00000000e1e00000, 0x00000000e1e00000|100%| O|  |TAMS 0x00000000e1e00000, 0x00000000e1e00000| Untracked 
|  30|0x00000000e1e00000, 0x00000000e1f00000, 0x00000000e1f00000|100%| O|  |TAMS 0x00000000e1f00000, 0x00000000e1f00000| Untracked 
|  31|0x00000000e1f00000, 0x00000000e2000000, 0x00000000e2000000|100%| O|  |TAMS 0x00000000e2000000, 0x00000000e2000000| Untracked 
|  32|0x00000000e2000000, 0x00000000e2100000, 0x00000000e2100000|100%| O|  |TAMS 0x00000000e2100000, 0x00000000e2100000| Untracked 
|  33|0x00000000e2100000, 0x00000000e2200000, 0x00000000e2200000|100%| O|  |TAMS 0x00000000e2200000, 0x00000000e2200000| Untracked 
|  34|0x00000000e2200000, 0x00000000e2300000, 0x00000000e2300000|100%| O|  |TAMS 0x00000000e2300000, 0x00000000e2300000| Untracked 
|  35|0x00000000e2300000, 0x00000000e2400000, 0x00000000e2400000|100%| O|  |TAMS 0x00000000e2400000, 0x00000000e2400000| Untracked 
|  36|0x00000000e2400000, 0x00000000e2500000, 0x00000000e2500000|100%| O|  |TAMS 0x00000000e2500000, 0x00000000e2500000| Untracked 
|  37|0x00000000e2500000, 0x00000000e2600000, 0x00000000e2600000|100%| O|  |TAMS 0x00000000e2600000, 0x00000000e2600000| Untracked 
|  38|0x00000000e2600000, 0x00000000e2700000, 0x00000000e2700000|100%| O|  |TAMS 0x00000000e2700000, 0x00000000e2700000| Untracked 
|  39|0x00000000e2700000, 0x00000000e2800000, 0x00000000e2800000|100%| O|  |TAMS 0x00000000e2700000, 0x00000000e2800000| Untracked 
|  40|0x00000000e2800000, 0x00000000e2900000, 0x00000000e2900000|100%| O|  |TAMS 0x00000000e2800000, 0x00000000e2900000| Untracked 
|  41|0x00000000e2900000, 0x00000000e2a00000, 0x00000000e2a00000|100%| O|  |TAMS 0x00000000e2900000, 0x00000000e2a00000| Untracked 
|  42|0x00000000e2a00000, 0x00000000e2b00000, 0x00000000e2b00000|100%| O|  |TAMS 0x00000000e2b00000, 0x00000000e2b00000| Untracked 
|  43|0x00000000e2b00000, 0x00000000e2c00000, 0x00000000e2c00000|100%| O|  |TAMS 0x00000000e2b00000, 0x00000000e2c00000| Untracked 
|  44|0x00000000e2c00000, 0x00000000e2d00000, 0x00000000e2d00000|100%| O|  |TAMS 0x00000000e2d00000, 0x00000000e2d00000| Untracked 
|  45|0x00000000e2d00000, 0x00000000e2e00000, 0x00000000e2e00000|100%| O|  |TAMS 0x00000000e2d00000, 0x00000000e2d00000| Untracked 
|  46|0x00000000e2e00000, 0x00000000e2f00000, 0x00000000e2f00000|100%| O|  |TAMS 0x00000000e2e00000, 0x00000000e2f00000| Untracked 
|  47|0x00000000e2f00000, 0x00000000e3000000, 0x00000000e3000000|100%| O|  |TAMS 0x00000000e2f00000, 0x00000000e2f00000| Untracked 
|  48|0x00000000e3000000, 0x00000000e3100000, 0x00000000e3100000|100%| O|  |TAMS 0x00000000e3100000, 0x00000000e3100000| Untracked 
|  49|0x00000000e3100000, 0x00000000e3200000, 0x00000000e3200000|100%| O|  |TAMS 0x00000000e3100000, 0x00000000e3200000| Untracked 
|  50|0x00000000e3200000, 0x00000000e3300000, 0x00000000e3300000|100%| O|  |TAMS 0x00000000e3200000, 0x00000000e3200000| Untracked 
|  51|0x00000000e3300000, 0x00000000e3380200, 0x00000000e3400000| 50%| O|  |TAMS 0x00000000e3300000, 0x00000000e3300000| Untracked 
|  52|0x00000000e3400000, 0x00000000e3500000, 0x00000000e3500000|100%| O|  |TAMS 0x00000000e3400000, 0x00000000e3500000| Untracked 
|  53|0x00000000e3500000, 0x00000000e3500000, 0x00000000e3600000|  0%| F|  |TAMS 0x00000000e3500000, 0x00000000e3500000| Untracked 
|  54|0x00000000e3600000, 0x00000000e3600000, 0x00000000e3700000|  0%| F|  |TAMS 0x00000000e3600000, 0x00000000e3600000| Untracked 
|  55|0x00000000e3700000, 0x00000000e3700000, 0x00000000e3800000|  0%| F|  |TAMS 0x00000000e3700000, 0x00000000e3700000| Untracked 
|  56|0x00000000e3800000, 0x00000000e3900000, 0x00000000e3900000|100%| O|  |TAMS 0x00000000e3900000, 0x00000000e3900000| Untracked 
|  57|0x00000000e3900000, 0x00000000e3a00000, 0x00000000e3a00000|100%| O|  |TAMS 0x00000000e3a00000, 0x00000000e3a00000| Untracked 
|  58|0x00000000e3a00000, 0x00000000e3a00000, 0x00000000e3b00000|  0%| F|  |TAMS 0x00000000e3a00000, 0x00000000e3a00000| Untracked 
|  59|0x00000000e3b00000, 0x00000000e3c00000, 0x00000000e3c00000|100%| O|  |TAMS 0x00000000e3b00000, 0x00000000e3c00000| Untracked 
|  60|0x00000000e3c00000, 0x00000000e3d00000, 0x00000000e3d00000|100%| O|  |TAMS 0x00000000e3c00000, 0x00000000e3d00000| Untracked 
|  61|0x00000000e3d00000, 0x00000000e3e00000, 0x00000000e3e00000|100%| O|  |TAMS 0x00000000e3d00000, 0x00000000e3e00000| Untracked 
|  62|0x00000000e3e00000, 0x00000000e3f00000, 0x00000000e3f00000|100%| O|  |TAMS 0x00000000e3e00000, 0x00000000e3f00000| Untracked 
|  63|0x00000000e3f00000, 0x00000000e3f00000, 0x00000000e4000000|  0%| F|  |TAMS 0x00000000e3f00000, 0x00000000e3f00000| Untracked 
|  64|0x00000000e4000000, 0x00000000e4100000, 0x00000000e4100000|100%| O|  |TAMS 0x00000000e4000000, 0x00000000e4100000| Untracked 
|  65|0x00000000e4100000, 0x00000000e4100000, 0x00000000e4200000|  0%| F|  |TAMS 0x00000000e4100000, 0x00000000e4100000| Untracked 
|  66|0x00000000e4200000, 0x00000000e4200000, 0x00000000e4300000|  0%| F|  |TAMS 0x00000000e4200000, 0x00000000e4200000| Untracked 
|  67|0x00000000e4300000, 0x00000000e4400000, 0x00000000e4400000|100%| O|  |TAMS 0x00000000e4400000, 0x00000000e4400000| Untracked 
|  68|0x00000000e4400000, 0x00000000e4500000, 0x00000000e4500000|100%| O|  |TAMS 0x00000000e4500000, 0x00000000e4500000| Untracked 
|  69|0x00000000e4500000, 0x00000000e4500000, 0x00000000e4600000|  0%| F|  |TAMS 0x00000000e4500000, 0x00000000e4500000| Untracked 
|  70|0x00000000e4600000, 0x00000000e4700000, 0x00000000e4700000|100%| O|  |TAMS 0x00000000e4600000, 0x00000000e4700000| Untracked 
|  71|0x00000000e4700000, 0x00000000e4800000, 0x00000000e4800000|100%| O|  |TAMS 0x00000000e4700000, 0x00000000e4800000| Untracked 
|  72|0x00000000e4800000, 0x00000000e4900000, 0x00000000e4900000|100%| O|  |TAMS 0x00000000e4800000, 0x00000000e4900000| Untracked 
|  73|0x00000000e4900000, 0x00000000e4a00000, 0x00000000e4a00000|100%| O|  |TAMS 0x00000000e4a00000, 0x00000000e4a00000| Untracked 
|  74|0x00000000e4a00000, 0x00000000e4b00000, 0x00000000e4b00000|100%| O|  |TAMS 0x00000000e4b00000, 0x00000000e4b00000| Untracked 
|  75|0x00000000e4b00000, 0x00000000e4c00000, 0x00000000e4c00000|100%| O|  |TAMS 0x00000000e4c00000, 0x00000000e4c00000| Untracked 
|  76|0x00000000e4c00000, 0x00000000e4d00000, 0x00000000e4d00000|100%| O|  |TAMS 0x00000000e4d00000, 0x00000000e4d00000| Untracked 
|  77|0x00000000e4d00000, 0x00000000e4e00000, 0x00000000e4e00000|100%| O|  |TAMS 0x00000000e4e00000, 0x00000000e4e00000| Untracked 
|  78|0x00000000e4e00000, 0x00000000e4f00000, 0x00000000e4f00000|100%| O|  |TAMS 0x00000000e4f00000, 0x00000000e4f00000| Untracked 
|  79|0x00000000e4f00000, 0x00000000e5000000, 0x00000000e5000000|100%| O|  |TAMS 0x00000000e4f4e400, 0x00000000e5000000| Untracked 
|  80|0x00000000e5000000, 0x00000000e5100000, 0x00000000e5100000|100%|HS|  |TAMS 0x00000000e5000000, 0x00000000e5100000| Complete 
|  81|0x00000000e5100000, 0x00000000e5200000, 0x00000000e5200000|100%|HC|  |TAMS 0x00000000e5100000, 0x00000000e5200000| Complete 
|  82|0x00000000e5200000, 0x00000000e5300000, 0x00000000e5300000|100%| O|  |TAMS 0x00000000e5200000, 0x00000000e5300000| Untracked 
|  83|0x00000000e5300000, 0x00000000e5400000, 0x00000000e5400000|100%| O|  |TAMS 0x00000000e5300000, 0x00000000e536a800| Untracked 
|  84|0x00000000e5400000, 0x00000000e5400000, 0x00000000e5500000|  0%| F|  |TAMS 0x00000000e5400000, 0x00000000e5400000| Untracked 
|  85|0x00000000e5500000, 0x00000000e5500000, 0x00000000e5600000|  0%| F|  |TAMS 0x00000000e5500000, 0x00000000e5500000| Untracked 
|  86|0x00000000e5600000, 0x00000000e5600000, 0x00000000e5700000|  0%| F|  |TAMS 0x00000000e5600000, 0x00000000e5600000| Untracked 
|  87|0x00000000e5700000, 0x00000000e5700000, 0x00000000e5800000|  0%| F|  |TAMS 0x00000000e5700000, 0x00000000e5700000| Untracked 
|  88|0x00000000e5800000, 0x00000000e5800000, 0x00000000e5900000|  0%| F|  |TAMS 0x00000000e5800000, 0x00000000e5800000| Untracked 
|  89|0x00000000e5900000, 0x00000000e5900000, 0x00000000e5a00000|  0%| F|  |TAMS 0x00000000e5900000, 0x00000000e5900000| Untracked 
|  90|0x00000000e5a00000, 0x00000000e5a00000, 0x00000000e5b00000|  0%| F|  |TAMS 0x00000000e5a00000, 0x00000000e5a00000| Untracked 
|  91|0x00000000e5b00000, 0x00000000e5b00000, 0x00000000e5c00000|  0%| F|  |TAMS 0x00000000e5b00000, 0x00000000e5b00000| Untracked 
|  92|0x00000000e5c00000, 0x00000000e5c00000, 0x00000000e5d00000|  0%| F|  |TAMS 0x00000000e5c00000, 0x00000000e5c00000| Untracked 
|  93|0x00000000e5d00000, 0x00000000e5d00000, 0x00000000e5e00000|  0%| F|  |TAMS 0x00000000e5d00000, 0x00000000e5d00000| Untracked 
|  94|0x00000000e5e00000, 0x00000000e5e00000, 0x00000000e5f00000|  0%| F|  |TAMS 0x00000000e5e00000, 0x00000000e5e00000| Untracked 
|  95|0x00000000e5f00000, 0x00000000e5f00000, 0x00000000e6000000|  0%| F|  |TAMS 0x00000000e5f00000, 0x00000000e5f00000| Untracked 
|  96|0x00000000e6000000, 0x00000000e6000000, 0x00000000e6100000|  0%| F|  |TAMS 0x00000000e6000000, 0x00000000e6000000| Untracked 
|  97|0x00000000e6100000, 0x00000000e6100000, 0x00000000e6200000|  0%| F|  |TAMS 0x00000000e6100000, 0x00000000e6100000| Untracked 
|  98|0x00000000e6200000, 0x00000000e6200000, 0x00000000e6300000|  0%| F|  |TAMS 0x00000000e6200000, 0x00000000e6200000| Untracked 
|  99|0x00000000e6300000, 0x00000000e6300000, 0x00000000e6400000|  0%| F|  |TAMS 0x00000000e6300000, 0x00000000e6300000| Untracked 
| 100|0x00000000e6400000, 0x00000000e6400000, 0x00000000e6500000|  0%| F|  |TAMS 0x00000000e6400000, 0x00000000e6400000| Untracked 
| 101|0x00000000e6500000, 0x00000000e6500000, 0x00000000e6600000|  0%| F|  |TAMS 0x00000000e6500000, 0x00000000e6500000| Untracked 
| 102|0x00000000e6600000, 0x00000000e6600000, 0x00000000e6700000|  0%| F|  |TAMS 0x00000000e6600000, 0x00000000e6600000| Untracked 
| 103|0x00000000e6700000, 0x00000000e6700000, 0x00000000e6800000|  0%| F|  |TAMS 0x00000000e6700000, 0x00000000e6700000| Untracked 
| 104|0x00000000e6800000, 0x00000000e6800000, 0x00000000e6900000|  0%| F|  |TAMS 0x00000000e6800000, 0x00000000e6800000| Untracked 
| 105|0x00000000e6900000, 0x00000000e6900000, 0x00000000e6a00000|  0%| F|  |TAMS 0x00000000e6900000, 0x00000000e6900000| Untracked 
| 106|0x00000000e6a00000, 0x00000000e6a00000, 0x00000000e6b00000|  0%| F|  |TAMS 0x00000000e6a00000, 0x00000000e6a00000| Untracked 
| 107|0x00000000e6b00000, 0x00000000e6b00000, 0x00000000e6c00000|  0%| F|  |TAMS 0x00000000e6b00000, 0x00000000e6b00000| Untracked 
| 108|0x00000000e6c00000, 0x00000000e6c00000, 0x00000000e6d00000|  0%| F|  |TAMS 0x00000000e6c00000, 0x00000000e6c00000| Untracked 
| 109|0x00000000e6d00000, 0x00000000e6e00000, 0x00000000e6e00000|100%| S|CS|TAMS 0x00000000e6d00000, 0x00000000e6d00000| Complete 
| 110|0x00000000e6e00000, 0x00000000e6f00000, 0x00000000e6f00000|100%| S|CS|TAMS 0x00000000e6e00000, 0x00000000e6e00000| Complete 
| 111|0x00000000e6f00000, 0x00000000e7000000, 0x00000000e7000000|100%| S|CS|TAMS 0x00000000e6f00000, 0x00000000e6f00000| Complete 
| 112|0x00000000e7000000, 0x00000000e7100000, 0x00000000e7100000|100%| S|CS|TAMS 0x00000000e7000000, 0x00000000e7000000| Complete 
| 113|0x00000000e7100000, 0x00000000e7200000, 0x00000000e7200000|100%| S|CS|TAMS 0x00000000e7100000, 0x00000000e7100000| Complete 
| 114|0x00000000e7200000, 0x00000000e7300000, 0x00000000e7300000|100%| S|CS|TAMS 0x00000000e7200000, 0x00000000e7200000| Complete 
| 115|0x00000000e7300000, 0x00000000e7300000, 0x00000000e7400000|  0%| F|  |TAMS 0x00000000e7300000, 0x00000000e7300000| Untracked 
| 116|0x00000000e7400000, 0x00000000e7400000, 0x00000000e7500000|  0%| F|  |TAMS 0x00000000e7400000, 0x00000000e7400000| Untracked 
| 117|0x00000000e7500000, 0x00000000e7500000, 0x00000000e7600000|  0%| F|  |TAMS 0x00000000e7500000, 0x00000000e7500000| Untracked 
| 118|0x00000000e7600000, 0x00000000e7600000, 0x00000000e7700000|  0%| F|  |TAMS 0x00000000e7600000, 0x00000000e7600000| Untracked 
| 119|0x00000000e7700000, 0x00000000e7700000, 0x00000000e7800000|  0%| F|  |TAMS 0x00000000e7700000, 0x00000000e7700000| Untracked 
| 120|0x00000000e7800000, 0x00000000e7800000, 0x00000000e7900000|  0%| F|  |TAMS 0x00000000e7800000, 0x00000000e7800000| Untracked 
| 121|0x00000000e7900000, 0x00000000e7900000, 0x00000000e7a00000|  0%| F|  |TAMS 0x00000000e7900000, 0x00000000e7900000| Untracked 
| 122|0x00000000e7a00000, 0x00000000e7a00000, 0x00000000e7b00000|  0%| F|  |TAMS 0x00000000e7a00000, 0x00000000e7a00000| Untracked 
| 123|0x00000000e7b00000, 0x00000000e7b00000, 0x00000000e7c00000|  0%| F|  |TAMS 0x00000000e7b00000, 0x00000000e7b00000| Untracked 
| 124|0x00000000e7c00000, 0x00000000e7c00000, 0x00000000e7d00000|  0%| F|  |TAMS 0x00000000e7c00000, 0x00000000e7c00000| Untracked 
| 125|0x00000000e7d00000, 0x00000000e7d00000, 0x00000000e7e00000|  0%| F|  |TAMS 0x00000000e7d00000, 0x00000000e7d00000| Untracked 
| 126|0x00000000e7e00000, 0x00000000e7e00000, 0x00000000e7f00000|  0%| F|  |TAMS 0x00000000e7e00000, 0x00000000e7e00000| Untracked 
| 127|0x00000000e7f00000, 0x00000000e7f00000, 0x00000000e8000000|  0%| F|  |TAMS 0x00000000e7f00000, 0x00000000e7f00000| Untracked 
| 128|0x00000000e8000000, 0x00000000e8000000, 0x00000000e8100000|  0%| F|  |TAMS 0x00000000e8000000, 0x00000000e8000000| Untracked 
| 129|0x00000000e8100000, 0x00000000e8100000, 0x00000000e8200000|  0%| F|  |TAMS 0x00000000e8100000, 0x00000000e8100000| Untracked 
| 130|0x00000000e8200000, 0x00000000e8200000, 0x00000000e8300000|  0%| F|  |TAMS 0x00000000e8200000, 0x00000000e8200000| Untracked 
| 131|0x00000000e8300000, 0x00000000e8300000, 0x00000000e8400000|  0%| F|  |TAMS 0x00000000e8300000, 0x00000000e8300000| Untracked 
| 132|0x00000000e8400000, 0x00000000e8400000, 0x00000000e8500000|  0%| F|  |TAMS 0x00000000e8400000, 0x00000000e8400000| Untracked 
| 133|0x00000000e8500000, 0x00000000e8500000, 0x00000000e8600000|  0%| F|  |TAMS 0x00000000e8500000, 0x00000000e8500000| Untracked 
| 134|0x00000000e8600000, 0x00000000e8600000, 0x00000000e8700000|  0%| F|  |TAMS 0x00000000e8600000, 0x00000000e8600000| Untracked 
| 135|0x00000000e8700000, 0x00000000e8700000, 0x00000000e8800000|  0%| F|  |TAMS 0x00000000e8700000, 0x00000000e8700000| Untracked 
| 136|0x00000000e8800000, 0x00000000e8800000, 0x00000000e8900000|  0%| F|  |TAMS 0x00000000e8800000, 0x00000000e8800000| Untracked 
| 137|0x00000000e8900000, 0x00000000e8900000, 0x00000000e8a00000|  0%| F|  |TAMS 0x00000000e8900000, 0x00000000e8900000| Untracked 
| 138|0x00000000e8a00000, 0x00000000e8a00000, 0x00000000e8b00000|  0%| F|  |TAMS 0x00000000e8a00000, 0x00000000e8a00000| Untracked 
| 139|0x00000000e8b00000, 0x00000000e8b00000, 0x00000000e8c00000|  0%| F|  |TAMS 0x00000000e8b00000, 0x00000000e8b00000| Untracked 
| 140|0x00000000e8c00000, 0x00000000e8c00000, 0x00000000e8d00000|  0%| F|  |TAMS 0x00000000e8c00000, 0x00000000e8c00000| Untracked 
| 141|0x00000000e8d00000, 0x00000000e8d00000, 0x00000000e8e00000|  0%| F|  |TAMS 0x00000000e8d00000, 0x00000000e8d00000| Untracked 
| 142|0x00000000e8e00000, 0x00000000e8e00000, 0x00000000e8f00000|  0%| F|  |TAMS 0x00000000e8e00000, 0x00000000e8e00000| Untracked 
| 143|0x00000000e8f00000, 0x00000000e8f00000, 0x00000000e9000000|  0%| F|  |TAMS 0x00000000e8f00000, 0x00000000e8f00000| Untracked 
| 144|0x00000000e9000000, 0x00000000e9000000, 0x00000000e9100000|  0%| F|  |TAMS 0x00000000e9000000, 0x00000000e9000000| Untracked 
| 145|0x00000000e9100000, 0x00000000e9100000, 0x00000000e9200000|  0%| F|  |TAMS 0x00000000e9100000, 0x00000000e9100000| Untracked 
| 146|0x00000000e9200000, 0x00000000e9200000, 0x00000000e9300000|  0%| F|  |TAMS 0x00000000e9200000, 0x00000000e9200000| Untracked 
| 147|0x00000000e9300000, 0x00000000e9300000, 0x00000000e9400000|  0%| F|  |TAMS 0x00000000e9300000, 0x00000000e9300000| Untracked 
| 148|0x00000000e9400000, 0x00000000e9400000, 0x00000000e9500000|  0%| F|  |TAMS 0x00000000e9400000, 0x00000000e9400000| Untracked 
| 149|0x00000000e9500000, 0x00000000e9500000, 0x00000000e9600000|  0%| F|  |TAMS 0x00000000e9500000, 0x00000000e9500000| Untracked 
| 150|0x00000000e9600000, 0x00000000e9600000, 0x00000000e9700000|  0%| F|  |TAMS 0x00000000e9600000, 0x00000000e9600000| Untracked 
| 151|0x00000000e9700000, 0x00000000e9700000, 0x00000000e9800000|  0%| F|  |TAMS 0x00000000e9700000, 0x00000000e9700000| Untracked 
| 152|0x00000000e9800000, 0x00000000e9800000, 0x00000000e9900000|  0%| F|  |TAMS 0x00000000e9800000, 0x00000000e9800000| Untracked 
| 153|0x00000000e9900000, 0x00000000e9900000, 0x00000000e9a00000|  0%| F|  |TAMS 0x00000000e9900000, 0x00000000e9900000| Untracked 
| 154|0x00000000e9a00000, 0x00000000e9a00000, 0x00000000e9b00000|  0%| F|  |TAMS 0x00000000e9a00000, 0x00000000e9a00000| Untracked 
| 155|0x00000000e9b00000, 0x00000000e9b00000, 0x00000000e9c00000|  0%| F|  |TAMS 0x00000000e9b00000, 0x00000000e9b00000| Untracked 
| 156|0x00000000e9c00000, 0x00000000e9c00000, 0x00000000e9d00000|  0%| F|  |TAMS 0x00000000e9c00000, 0x00000000e9c00000| Untracked 

Card table byte_map: [0x0000022bfb1c0000,0x0000022bfb2c0000] _byte_map_base: 0x0000022bfaac0000

Marking Bits (Prev, Next): (CMBitMap*) 0x0000022bfad13590, (CMBitMap*) 0x0000022bfad135d0
 Prev Bits: [0x0000022bfb3c0000, 0x0000022bfbbc0000)
 Next Bits: [0x0000022bfbbc0000, 0x0000022bfc3c0000)

Polling page: 0x0000022bf8cc0000

Metaspace:

Usage:
  Non-class:     63.84 MB used.
      Class:      9.93 MB used.
       Both:     73.77 MB used.

Virtual space:
  Non-class space:      128.00 MB reserved,      64.25 MB ( 50%) committed,  2 nodes.
      Class space:        1.00 GB reserved,      10.31 MB (  1%) committed,  1 nodes.
             Both:        1.12 GB reserved,      74.56 MB (  6%) committed. 

Chunk freelists:
   Non-Class:  3.78 MB
       Class:  1.73 MB
        Both:  5.52 MB

MaxMetaspaceSize: unlimited
CompressedClassSpaceSize: 1.00 GB
Initial GC threshold: 21.00 MB
Current GC threshold: 120.94 MB
CDS: on
MetaspaceReclaimPolicy: balanced
 - commit_granule_bytes: 65536.
 - commit_granule_words: 8192.
 - virtual_space_node_default_size: 8388608.
 - enlarge_chunks_in_place: 1.
 - new_chunks_are_fully_committed: 0.
 - uncommit_free_chunks: 1.
 - use_allocation_guard: 0.


Internal statistics:

num_allocs_failed_limit: 6.
num_arena_births: 1044.
num_arena_deaths: 0.
num_vsnodes_births: 3.
num_vsnodes_deaths: 0.
num_space_committed: 1193.
num_space_uncommitted: 0.
num_chunks_returned_to_freelist: 6.
num_chunks_taken_from_freelist: 3773.
num_chunk_merges: 6.
num_chunk_splits: 2767.
num_chunks_enlarged: 2221.
num_inconsistent_stats: 0.

CodeHeap 'non-profiled nmethods': size=120000Kb used=3014Kb max_used=3014Kb free=116985Kb
 bounds [0x0000022b8f340000, 0x0000022b8f640000, 0x0000022b96870000]
CodeHeap 'profiled nmethods': size=120000Kb used=13428Kb max_used=13428Kb free=106571Kb
 bounds [0x0000022b87e10000, 0x0000022b88b30000, 0x0000022b8f340000]
CodeHeap 'non-nmethods': size=5760Kb used=1352Kb max_used=1377Kb free=4407Kb
 bounds [0x0000022b87870000, 0x0000022b87ae0000, 0x0000022b87e10000]
 total_blobs=6935 nmethods=6288 adapters=557
 compilation: enabled
              stopped_count=0, restarted_count=0
 full_count=0

Compilation events (20 events):
Event: 27.118 Thread 0x0000022bfedc7670 7191       2       org.springframework.beans.factory.support.DefaultSingletonBeanRegistry::afterSingletonCreation (41 bytes)
Event: 27.118 Thread 0x0000022bfedc7670 nmethod 7191 0x0000022b88b29a10 code [0x0000022b88b29be0, 0x0000022b88b29e58]
Event: 27.119 Thread 0x0000022bfedc7670 7192       2       org.springframework.beans.factory.support.DefaultSingletonBeanRegistry::beforeSingletonCreation (36 bytes)
Event: 27.119 Thread 0x0000022bfedc7670 nmethod 7192 0x0000022b88b29f90 code [0x0000022b88b2a140, 0x0000022b88b2a348]
Event: 27.120 Thread 0x0000022bfedc7670 7193       2       org.springframework.boot.web.server.WebServerFactoryCustomizerBeanPostProcessor::postProcessBeforeInitialization (19 bytes)
Event: 27.121 Thread 0x0000022bfedc7670 nmethod 7193 0x0000022b88b2a490 code [0x0000022b88b2a6c0, 0x0000022b88b2add8]
Event: 27.121 Thread 0x0000022bfedc7670 7194       2       org.springframework.boot.web.server.ErrorPageRegistrarBeanPostProcessor::postProcessBeforeInitialization (19 bytes)
Event: 27.121 Thread 0x0000022bfedc7670 nmethod 7194 0x0000022b88b2b210 code [0x0000022b88b2b3c0, 0x0000022b88b2b5a8]
Event: 27.121 Thread 0x0000022bfedc7670 7195       2       org.springframework.boot.actuate.autoconfigure.metrics.data.MetricsRepositoryMethodInvocationListenerBeanPostProcessor::postProcessBeforeInitialization (20 bytes)
Event: 27.121 Thread 0x0000022bfedc7670 nmethod 7195 0x0000022b88b2b690 code [0x0000022b88b2b840, 0x0000022b88b2baf8]
Event: 27.132 Thread 0x0000022bfedc7670 7196       2       java.util.stream.Collectors$$Lambda$22/0x800000039::accept (14 bytes)
Event: 27.132 Thread 0x0000022bfedc7670 nmethod 7196 0x0000022b88b2bc90 code [0x0000022b88b2be40, 0x0000022b88b2bfc8]
Event: 27.135 Thread 0x0000022bfedc7670 7197       2       org.springframework.core.convert.support.GenericConversionService$ConverterCacheKey::hashCode (19 bytes)
Event: 27.135 Thread 0x0000022bfedc7670 nmethod 7197 0x0000022b88b2c110 code [0x0000022b88b2c2c0, 0x0000022b88b2c438]
Event: 27.184 Thread 0x0000022bfedc7670 7200   !   2       jdk.proxy3.$Proxy179::annotationType (29 bytes)
Event: 27.184 Thread 0x0000022bfedc7670 nmethod 7200 0x0000022b88b2c590 code [0x0000022b88b2c740, 0x0000022b88b2c9b8]
Event: 27.187 Thread 0x0000022bfedc7670 7201       2       java.lang.Class$$Lambda$21/0x0000000800c595e8::apply (8 bytes)
Event: 27.187 Thread 0x0000022bfedc7670 nmethod 7201 0x0000022b88b2cb10 code [0x0000022b88b2ccc0, 0x0000022b88b2ce48]
Event: 27.187 Thread 0x0000022bfedc7670 7202       2       java.lang.Class::lambda$methodToString$0 (15 bytes)
Event: 27.187 Thread 0x0000022bfedc7670 nmethod 7202 0x0000022b88b2cf90 code [0x0000022b88b2d120, 0x0000022b88b2d248]

GC Heap History (20 events):
Event: 24.954 GC heap after
{Heap after GC invocations=33 (full 0):
 garbage-first heap   total 94208K, used 50978K [0x00000000e0000000, 0x0000000100000000)
  region size 1024K, 4 young (4096K), 4 survivors (4096K)
 Metaspace       used 73386K, committed 74048K, reserved 1114112K
  class space    used 9883K, committed 10240K, reserved 1048576K
}
Event: 25.202 GC heap before
{Heap before GC invocations=33 (full 0):
 garbage-first heap   total 94208K, used 72482K [0x00000000e0000000, 0x0000000100000000)
  region size 1024K, 26 young (26624K), 4 survivors (4096K)
 Metaspace       used 73583K, committed 74304K, reserved 1114112K
  class space    used 9897K, committed 10240K, reserved 1048576K
}
Event: 25.212 GC heap after
{Heap after GC invocations=34 (full 0):
 garbage-first heap   total 94208K, used 57424K [0x00000000e0000000, 0x0000000100000000)
  region size 1024K, 4 young (4096K), 4 survivors (4096K)
 Metaspace       used 73583K, committed 74304K, reserved 1114112K
  class space    used 9897K, committed 10240K, reserved 1048576K
}
Event: 25.309 GC heap before
{Heap before GC invocations=34 (full 0):
 garbage-first heap   total 126976K, used 73808K [0x00000000e0000000, 0x0000000100000000)
  region size 1024K, 19 young (19456K), 4 survivors (4096K)
 Metaspace       used 73591K, committed 74304K, reserved 1114112K
  class space    used 9897K, committed 10240K, reserved 1048576K
}
Event: 25.317 GC heap after
{Heap after GC invocations=35 (full 0):
 garbage-first heap   total 126976K, used 61183K [0x00000000e0000000, 0x0000000100000000)
  region size 1024K, 3 young (3072K), 3 survivors (3072K)
 Metaspace       used 73591K, committed 74304K, reserved 1114112K
  class space    used 9897K, committed 10240K, reserved 1048576K
}
Event: 25.468 GC heap before
{Heap before GC invocations=36 (full 0):
 garbage-first heap   total 126976K, used 93951K [0x00000000e0000000, 0x0000000100000000)
  region size 1024K, 35 young (35840K), 3 survivors (3072K)
 Metaspace       used 73627K, committed 74304K, reserved 1114112K
  class space    used 9897K, committed 10240K, reserved 1048576K
}
Event: 25.475 GC heap after
{Heap after GC invocations=37 (full 0):
 garbage-first heap   total 126976K, used 68608K [0x00000000e0000000, 0x0000000100000000)
  region size 1024K, 5 young (5120K), 5 survivors (5120K)
 Metaspace       used 73627K, committed 74304K, reserved 1114112K
  class space    used 9897K, committed 10240K, reserved 1048576K
}
Event: 25.634 GC heap before
{Heap before GC invocations=37 (full 0):
 garbage-first heap   total 126976K, used 89088K [0x00000000e0000000, 0x0000000100000000)
  region size 1024K, 27 young (27648K), 5 survivors (5120K)
 Metaspace       used 73700K, committed 74368K, reserved 1114112K
  class space    used 9900K, committed 10240K, reserved 1048576K
}
Event: 25.643 GC heap after
{Heap after GC invocations=38 (full 0):
 garbage-first heap   total 149504K, used 75776K [0x00000000e0000000, 0x0000000100000000)
  region size 1024K, 4 young (4096K), 4 survivors (4096K)
 Metaspace       used 73700K, committed 74368K, reserved 1114112K
  class space    used 9900K, committed 10240K, reserved 1048576K
}
Event: 25.826 GC heap before
{Heap before GC invocations=39 (full 0):
 garbage-first heap   total 149504K, used 105472K [0x00000000e0000000, 0x0000000100000000)
  region size 1024K, 37 young (37888K), 4 survivors (4096K)
 Metaspace       used 73717K, committed 74368K, reserved 1114112K
  class space    used 9900K, committed 10240K, reserved 1048576K
}
Event: 25.833 GC heap after
{Heap after GC invocations=40 (full 0):
 garbage-first heap   total 149504K, used 80226K [0x00000000e0000000, 0x0000000100000000)
  region size 1024K, 5 young (5120K), 5 survivors (5120K)
 Metaspace       used 73717K, committed 74368K, reserved 1114112K
  class space    used 9900K, committed 10240K, reserved 1048576K
}
Event: 25.839 GC heap before
{Heap before GC invocations=40 (full 0):
 garbage-first heap   total 149504K, used 82274K [0x00000000e0000000, 0x0000000100000000)
  region size 1024K, 7 young (7168K), 5 survivors (5120K)
 Metaspace       used 73717K, committed 74368K, reserved 1114112K
  class space    used 9900K, committed 10240K, reserved 1048576K
}
Event: 25.842 GC heap after
{Heap after GC invocations=41 (full 0):
 garbage-first heap   total 149504K, used 75065K [0x00000000e0000000, 0x0000000100000000)
  region size 1024K, 1 young (1024K), 1 survivors (1024K)
 Metaspace       used 73717K, committed 74368K, reserved 1114112K
  class space    used 9900K, committed 10240K, reserved 1048576K
}
Event: 26.027 GC heap before
{Heap before GC invocations=41 (full 0):
 garbage-first heap   total 149504K, used 108857K [0x00000000e0000000, 0x0000000100000000)
  region size 1024K, 35 young (35840K), 1 survivors (1024K)
 Metaspace       used 73763K, committed 74432K, reserved 1114112K
  class space    used 9900K, committed 10240K, reserved 1048576K
}
Event: 26.036 GC heap after
{Heap after GC invocations=42 (full 0):
 garbage-first heap   total 149504K, used 84234K [0x00000000e0000000, 0x0000000100000000)
  region size 1024K, 5 young (5120K), 5 survivors (5120K)
 Metaspace       used 73763K, committed 74432K, reserved 1114112K
  class space    used 9900K, committed 10240K, reserved 1048576K
}
Event: 26.191 GC heap before
{Heap before GC invocations=43 (full 0):
 garbage-first heap   total 160768K, used 105738K [0x00000000e0000000, 0x0000000100000000)
  region size 1024K, 33 young (33792K), 5 survivors (5120K)
 Metaspace       used 73763K, committed 74432K, reserved 1114112K
  class space    used 9900K, committed 10240K, reserved 1048576K
}
Event: 26.199 GC heap after
{Heap after GC invocations=44 (full 0):
 garbage-first heap   total 160768K, used 84572K [0x00000000e0000000, 0x0000000100000000)
  region size 1024K, 5 young (5120K), 5 survivors (5120K)
 Metaspace       used 73763K, committed 74432K, reserved 1114112K
  class space    used 9900K, committed 10240K, reserved 1048576K
}
Event: 26.214 GC heap before
{Heap before GC invocations=44 (full 0):
 garbage-first heap   total 160768K, used 86620K [0x00000000e0000000, 0x0000000100000000)
  region size 1024K, 7 young (7168K), 5 survivors (5120K)
 Metaspace       used 73763K, committed 74432K, reserved 1114112K
  class space    used 9900K, committed 10240K, reserved 1048576K
}
Event: 26.218 GC heap after
{Heap after GC invocations=45 (full 0):
 garbage-first heap   total 160768K, used 74154K [0x00000000e0000000, 0x0000000100000000)
  region size 1024K, 1 young (1024K), 1 survivors (1024K)
 Metaspace       used 73763K, committed 74432K, reserved 1114112K
  class space    used 9900K, committed 10240K, reserved 1048576K
}
Event: 27.192 GC heap before
{Heap before GC invocations=45 (full 0):
 garbage-first heap   total 160768K, used 115114K [0x00000000e0000000, 0x0000000100000000)
  region size 1024K, 42 young (43008K), 1 survivors (1024K)
 Metaspace       used 75537K, committed 76352K, reserved 1179648K
  class space    used 10167K, committed 10560K, reserved 1048576K
}

Deoptimization events (20 events):
Event: 27.102 Thread 0x0000022bfacdf5c0 Uncommon trap: trap_request=0xffffffbe fr.pc=0x0000022b8f5eaeb8 relative=0x0000000000004818
Event: 27.102 Thread 0x0000022bfacdf5c0 Uncommon trap: reason=profile_predicate action=maybe_recompile pc=0x0000022b8f5eaeb8 method=org.springframework.core.annotation.AnnotationsScanner.processClassInheritedAnnotations(Ljava/lang/Object;Ljava/lang/Class;Lorg/springframework/core/annotation/Mer
Event: 27.102 Thread 0x0000022bfacdf5c0 DEOPT PACKING pc=0x0000022b8f5eaeb8 sp=0x000000a6fcdfae70
Event: 27.102 Thread 0x0000022bfacdf5c0 DEOPT UNPACKING pc=0x0000022b878c23a3 sp=0x000000a6fcdfabf8 mode 2
Event: 27.102 Thread 0x0000022bfacdf5c0 Uncommon trap: trap_request=0xffffffbe fr.pc=0x0000022b8f5eaeb8 relative=0x0000000000004818
Event: 27.102 Thread 0x0000022bfacdf5c0 Uncommon trap: reason=profile_predicate action=maybe_recompile pc=0x0000022b8f5eaeb8 method=org.springframework.core.annotation.AnnotationsScanner.processClassInheritedAnnotations(Ljava/lang/Object;Ljava/lang/Class;Lorg/springframework/core/annotation/Mer
Event: 27.102 Thread 0x0000022bfacdf5c0 DEOPT PACKING pc=0x0000022b8f5eaeb8 sp=0x000000a6fcdfae70
Event: 27.102 Thread 0x0000022bfacdf5c0 DEOPT UNPACKING pc=0x0000022b878c23a3 sp=0x000000a6fcdfabf8 mode 2
Event: 27.103 Thread 0x0000022bfacdf5c0 Uncommon trap: trap_request=0xffffffbe fr.pc=0x0000022b8f5eaeb8 relative=0x0000000000004818
Event: 27.103 Thread 0x0000022bfacdf5c0 Uncommon trap: reason=profile_predicate action=maybe_recompile pc=0x0000022b8f5eaeb8 method=org.springframework.core.annotation.AnnotationsScanner.processClassInheritedAnnotations(Ljava/lang/Object;Ljava/lang/Class;Lorg/springframework/core/annotation/Mer
Event: 27.103 Thread 0x0000022bfacdf5c0 DEOPT PACKING pc=0x0000022b8f5eaeb8 sp=0x000000a6fcdfae70
Event: 27.103 Thread 0x0000022bfacdf5c0 DEOPT UNPACKING pc=0x0000022b878c23a3 sp=0x000000a6fcdfabf8 mode 2
Event: 27.103 Thread 0x0000022bfacdf5c0 Uncommon trap: trap_request=0xffffffbe fr.pc=0x0000022b8f5eaeb8 relative=0x0000000000004818
Event: 27.103 Thread 0x0000022bfacdf5c0 Uncommon trap: reason=profile_predicate action=maybe_recompile pc=0x0000022b8f5eaeb8 method=org.springframework.core.annotation.AnnotationsScanner.processClassInheritedAnnotations(Ljava/lang/Object;Ljava/lang/Class;Lorg/springframework/core/annotation/Mer
Event: 27.103 Thread 0x0000022bfacdf5c0 DEOPT PACKING pc=0x0000022b8f5eaeb8 sp=0x000000a6fcdfae70
Event: 27.103 Thread 0x0000022bfacdf5c0 DEOPT UNPACKING pc=0x0000022b878c23a3 sp=0x000000a6fcdfabf8 mode 2
Event: 27.183 Thread 0x0000022bfacdf5c0 Uncommon trap: trap_request=0xffffff45 fr.pc=0x0000022b8f624c14 relative=0x0000000000001594
Event: 27.183 Thread 0x0000022bfacdf5c0 Uncommon trap: reason=unstable_if action=reinterpret pc=0x0000022b8f624c14 method=org.springframework.core.annotation.AnnotationsScanner.processMethodHierarchy(Ljava/lang/Object;[ILjava/lang/Class;Lorg/springframework/core/annotation/AnnotationsProcessor;
Event: 27.183 Thread 0x0000022bfacdf5c0 DEOPT PACKING pc=0x0000022b8f624c14 sp=0x000000a6fcdf9e30
Event: 27.183 Thread 0x0000022bfacdf5c0 DEOPT UNPACKING pc=0x0000022b878c23a3 sp=0x000000a6fcdf9e28 mode 2

Classes loaded (20 events):
Event: 24.490 Loading class java/lang/LayerInstantiationException
Event: 24.490 Loading class java/lang/LayerInstantiationException done
Event: 24.490 Loading class jdk/internal/loader/Loader
Event: 24.491 Loading class jdk/internal/loader/Loader done
Event: 24.513 Loading class java/io/IOError
Event: 24.514 Loading class java/io/IOError done
Event: 24.616 Loading class sun/nio/fs/WindowsLinkSupport
Event: 24.617 Loading class sun/nio/fs/WindowsLinkSupport done
Event: 24.645 Loading class java/nio/BufferUnderflowException
Event: 24.645 Loading class java/nio/BufferUnderflowException done
Event: 24.647 Loading class java/nio/ReadOnlyBufferException
Event: 24.648 Loading class java/nio/ReadOnlyBufferException done
Event: 24.651 Loading class java/util/zip/DataFormatException
Event: 24.652 Loading class java/util/zip/DataFormatException done
Event: 24.664 Loading class sun/nio/fs/WindowsPath$1
Event: 24.664 Loading class sun/nio/fs/WindowsPath$1 done
Event: 26.863 Loading class java/util/EnumMap$EntryIterator$Entry
Event: 26.864 Loading class java/util/EnumMap$EntryIterator$Entry done
Event: 26.884 Loading class sun/reflect/annotation/AnnotationSupport
Event: 26.885 Loading class sun/reflect/annotation/AnnotationSupport done

Classes unloaded (0 events):
No events

Classes redefined (0 events):
No events

Internal exceptions (20 events):
Event: 26.003 Thread 0x0000022b9d95bce0 Exception <a 'sun/nio/fs/WindowsException'{0x00000000e735b3f8}> (0x00000000e735b3f8) 
thrown [s\open\src\hotspot\share\prims\jni.cpp, line 516]
Event: 26.003 Thread 0x0000022b9d95bce0 Exception <a 'sun/nio/fs/WindowsException'{0x00000000e735b788}> (0x00000000e735b788) 
thrown [s\open\src\hotspot\share\prims\jni.cpp, line 516]
Event: 26.004 Thread 0x0000022b9d95bce0 Exception <a 'sun/nio/fs/WindowsException'{0x00000000e735c168}> (0x00000000e735c168) 
thrown [s\open\src\hotspot\share\prims\jni.cpp, line 516]
Event: 26.004 Thread 0x0000022b9d95bce0 Exception <a 'sun/nio/fs/WindowsException'{0x00000000e735c510}> (0x00000000e735c510) 
thrown [s\open\src\hotspot\share\prims\jni.cpp, line 516]
Event: 26.004 Thread 0x0000022b9d95bce0 Exception <a 'sun/nio/fs/WindowsException'{0x00000000e735cf18}> (0x00000000e735cf18) 
thrown [s\open\src\hotspot\share\prims\jni.cpp, line 516]
Event: 26.004 Thread 0x0000022b9d95bce0 Exception <a 'sun/nio/fs/WindowsException'{0x00000000e735d2d8}> (0x00000000e735d2d8) 
thrown [s\open\src\hotspot\share\prims\jni.cpp, line 516]
Event: 26.004 Thread 0x0000022b9d95bce0 Exception <a 'sun/nio/fs/WindowsException'{0x00000000e735dcf8}> (0x00000000e735dcf8) 
thrown [s\open\src\hotspot\share\prims\jni.cpp, line 516]
Event: 26.004 Thread 0x0000022b9d95bce0 Exception <a 'sun/nio/fs/WindowsException'{0x00000000e735e0d8}> (0x00000000e735e0d8) 
thrown [s\open\src\hotspot\share\prims\jni.cpp, line 516]
Event: 26.005 Thread 0x0000022b9d95bce0 Exception <a 'sun/nio/fs/WindowsException'{0x00000000e735eae0}> (0x00000000e735eae0) 
thrown [s\open\src\hotspot\share\prims\jni.cpp, line 516]
Event: 26.005 Thread 0x0000022b9d95bce0 Exception <a 'sun/nio/fs/WindowsException'{0x00000000e735eeb8}> (0x00000000e735eeb8) 
thrown [s\open\src\hotspot\share\prims\jni.cpp, line 516]
Event: 26.793 Thread 0x0000022bfacdf5c0 Exception <a 'java/lang/NoSuchMethodError'{0x00000000e7c53a70}: 'java.lang.Object java.lang.invoke.DirectMethodHandle$Holder.newInvokeSpecial(java.lang.Object, java.lang.Object, java.lang.Object, java.lang.Object, java.lang.Object, java.lang.Object, java.lang.Object, java.lang.Object, java.lang.Object)'> (0x00000000e7c53a70) 
thrown [s\open\src\hotspot\share\interpreter\linkResolver.cpp, line 766]
Event: 26.793 Thread 0x0000022bfacdf5c0 Exception <a 'java/lang/NoSuchMethodError'{0x00000000e7c59708}: 'java.lang.Object java.lang.invoke.Invokers$Holder.linkToTargetMethod(java.lang.Object, java.lang.Object, java.lang.Object, java.lang.Object, java.lang.Object, java.lang.Object, java.lang.Object, java.lang.Object, java.lang.Object)'> (0x00000000e7c59708) 
thrown [s\open\src\hotspot\share\interpreter\linkResolver.cpp, line 766]
Event: 26.946 Thread 0x0000022bfacdf5c0 Exception <a 'java/lang/NoSuchMethodError'{0x00000000e7984358}: 'java.lang.Object java.lang.invoke.DirectMethodHandle$Holder.invokeVirtual(java.lang.Object, java.lang.Object, java.lang.Object, java.lang.Object, java.lang.Object, java.lang.Object, java.lang.Object, java.lang.Object, java.lang.Object)'> (0x00000000e7984358) 
thrown [s\open\src\hotspot\share\interpreter\linkResolver.cpp, line 766]
Event: 27.017 Thread 0x0000022bfacdf5c0 Exception <a 'java/lang/NoSuchMethodError'{0x00000000e77151c0}: 'java.lang.Object java.lang.invoke.DirectMethodHandle$Holder.invokeVirtual(java.lang.Object, java.lang.Object, java.lang.Object, java.lang.Object, java.lang.Object, java.lang.Object, java.lang.Object, java.lang.Object, java.lang.Object, java.lang.Object)'> (0x00000000e77151c0) 
thrown [s\open\src\hotspot\share\interpreter\linkResolver.cpp, line 766]
Event: 27.017 Thread 0x0000022bfacdf5c0 Exception <a 'java/lang/NoSuchMethodError'{0x00000000e7719ff0}: 'java.lang.Object java.lang.invoke.DirectMethodHandle$Holder.invokeSpecial(java.lang.Object, java.lang.Object, java.lang.Object, java.lang.Object, java.lang.Object, java.lang.Object, java.lang.Object, java.lang.Object, java.lang.Object, java.lang.Object, java.lang.Object)'> (0x00000000e7719ff0) 
thrown [s\open\src\hotspot\share\interpreter\linkResolver.cpp, line 766]
Event: 27.046 Thread 0x0000022bfacdf5c0 Exception <a 'java/lang/NoSuchMethodError'{0x00000000e77d9840}: 'java.lang.Object java.lang.invoke.DirectMethodHandle$Holder.invokeVirtual(java.lang.Object, java.lang.Object, java.lang.Object, java.lang.Object, java.lang.Object, java.lang.Object, java.lang.Object, java.lang.Object, java.lang.Object, java.lang.Object, java.lang.Object, java.lang.Object)'> (0x00000000e77d9840) 
thrown [s\open\src\hotspot\share\interpreter\linkResolver.cpp, line 766]
Event: 27.047 Thread 0x0000022bfacdf5c0 Exception <a 'java/lang/NoSuchMethodError'{0x00000000e77dee38}: 'java.lang.Object java.lang.invoke.DirectMethodHandle$Holder.invokeSpecial(java.lang.Object, java.lang.Object, java.lang.Object, java.lang.Object, java.lang.Object, java.lang.Object, java.lang.Object, java.lang.Object, java.lang.Object, java.lang.Object, java.lang.Object, java.lang.Object, java.lang.Object)'> (0x00000000e77dee38) 
thrown [s\open\src\hotspot\share\interpreter\linkResolver.cpp, line 766]
Event: 27.155 Thread 0x0000022bfacdf5c0 Exception <a 'java/lang/IncompatibleClassChangeError'{0x00000000e74cf878}: Found class java.lang.Object, but interface was expected> (0x00000000e74cf878) 
thrown [s\open\src\hotspot\share\interpreter\linkResolver.cpp, line 833]
Event: 27.157 Thread 0x0000022bfacdf5c0 Exception <a 'java/lang/IncompatibleClassChangeError'{0x00000000e74dda80}: Found class java.lang.Object, but interface was expected> (0x00000000e74dda80) 
thrown [s\open\src\hotspot\share\interpreter\linkResolver.cpp, line 833]
Event: 27.163 Thread 0x0000022bfacdf5c0 Exception <a 'java/lang/IncompatibleClassChangeError'{0x00000000e730ef60}: Found class java.lang.Object, but interface was expected> (0x00000000e730ef60) 
thrown [s\open\src\hotspot\share\interpreter\linkResolver.cpp, line 833]

VM Operations (20 events):
Event: 25.750 Executing VM operation: G1Concurrent done
Event: 25.787 Executing VM operation: G1Concurrent
Event: 25.789 Executing VM operation: G1Concurrent done
Event: 25.826 Executing VM operation: G1CollectForAllocation
Event: 25.835 Executing VM operation: G1CollectForAllocation done
Event: 25.839 Executing VM operation: G1CollectForAllocation
Event: 25.843 Executing VM operation: G1CollectForAllocation done
Event: 26.027 Executing VM operation: G1TryInitiateConcMark
Event: 26.037 Executing VM operation: G1TryInitiateConcMark done
Event: 26.123 Executing VM operation: G1Concurrent
Event: 26.134 Executing VM operation: G1Concurrent done
Event: 26.172 Executing VM operation: G1Concurrent
Event: 26.173 Executing VM operation: G1Concurrent done
Event: 26.191 Executing VM operation: G1CollectForAllocation
Event: 26.203 Executing VM operation: G1CollectForAllocation done
Event: 26.206 Executing VM operation: G1CollectForAllocation
Event: 26.222 Executing VM operation: G1CollectForAllocation done
Event: 27.095 Executing VM operation: HandshakeAllThreads
Event: 27.095 Executing VM operation: HandshakeAllThreads done
Event: 27.191 Executing VM operation: G1CollectForAllocation

Events (20 events):
Event: 26.378 Thread 0x0000022b9d95fb70 Thread added: 0x0000022b9d95fb70
Event: 26.378 Thread 0x0000022b9d962b90 Thread added: 0x0000022b9d962b90
Event: 26.379 Thread 0x0000022b9d95f1d0 Thread added: 0x0000022b9d95f1d0
Event: 26.379 Thread 0x0000022b9d960eb0 Thread added: 0x0000022b9d960eb0
Event: 26.379 Thread 0x0000022b9d961380 Thread added: 0x0000022b9d961380
Event: 26.379 Thread 0x0000022b9d9621f0 Thread added: 0x0000022b9d9621f0
Event: 26.386 Thread 0x0000022b9d962b90 Thread exited: 0x0000022b9d962b90
Event: 26.386 Thread 0x0000022b9d961d20 Thread exited: 0x0000022b9d961d20
Event: 26.386 Thread 0x0000022b9d95d9c0 Thread exited: 0x0000022b9d95d9c0
Event: 26.386 Thread 0x0000022b9d9621f0 Thread exited: 0x0000022b9d9621f0
Event: 26.386 Thread 0x0000022b9d95f1d0 Thread exited: 0x0000022b9d95f1d0
Event: 26.386 Thread 0x0000022b9d95e830 Thread exited: 0x0000022b9d95e830
Event: 26.386 Thread 0x0000022b9d95d020 Thread exited: 0x0000022b9d95d020
Event: 26.387 Thread 0x0000022b9d95e360 Thread exited: 0x0000022b9d95e360
Event: 26.387 Thread 0x0000022b9d95de90 Thread exited: 0x0000022b9d95de90
Event: 26.387 Thread 0x0000022b9d960eb0 Thread exited: 0x0000022b9d960eb0
Event: 26.387 Thread 0x0000022b9d961380 Thread exited: 0x0000022b9d961380
Event: 26.387 Thread 0x0000022b9d961850 Thread exited: 0x0000022b9d961850
Event: 26.387 Thread 0x0000022b9d95f6a0 Thread exited: 0x0000022b9d95f6a0
Event: 26.388 Thread 0x0000022b9d95fb70 Thread exited: 0x0000022b9d95fb70


Dynamic libraries:
0x00007ff7497a0000 - 0x00007ff7497ae000 	C:\Users\eliza\.jdks\openjdk-18.0.1.1\bin\java.exe
0x00007ffbb16f0000 - 0x00007ffbb1904000 	C:\WINDOWS\SYSTEM32\ntdll.dll
0x00007ffbafae0000 - 0x00007ffbafba2000 	C:\WINDOWS\System32\KERNEL32.DLL
0x00007ffbaeea0000 - 0x00007ffbaf243000 	C:\WINDOWS\System32\KERNELBASE.dll
0x00007ffbaf3b0000 - 0x00007ffbaf4c1000 	C:\WINDOWS\System32\ucrtbase.dll
0x00007ffba8fb0000 - 0x00007ffba8fc7000 	C:\Users\eliza\.jdks\openjdk-18.0.1.1\bin\jli.dll
0x00007ffb9c540000 - 0x00007ffb9c55a000 	C:\Users\eliza\.jdks\openjdk-18.0.1.1\bin\VCRUNTIME140.dll
0x00007ffbafc30000 - 0x00007ffbafddb000 	C:\WINDOWS\System32\USER32.dll
0x00007ffb9e060000 - 0x00007ffb9e2ee000 	C:\WINDOWS\WinSxS\amd64_microsoft.windows.common-controls_6595b64144ccf1df_6.0.22621.1635_none_270f70857386168e\COMCTL32.dll
0x00007ffbaeb70000 - 0x00007ffbaeb96000 	C:\WINDOWS\System32\win32u.dll
0x00007ffbaff90000 - 0x00007ffbaffb9000 	C:\WINDOWS\System32\GDI32.dll
0x00007ffbafee0000 - 0x00007ffbaff87000 	C:\WINDOWS\System32\msvcrt.dll
0x00007ffbaed80000 - 0x00007ffbaee99000 	C:\WINDOWS\System32\gdi32full.dll
0x00007ffbaf310000 - 0x00007ffbaf3aa000 	C:\WINDOWS\System32\msvcp_win.dll
0x00007ffbb1530000 - 0x00007ffbb1561000 	C:\WINDOWS\System32\IMM32.DLL
0x00007ffbaa840000 - 0x00007ffbaa84c000 	C:\Users\eliza\.jdks\openjdk-18.0.1.1\bin\vcruntime140_1.dll
0x00007ffb8be40000 - 0x00007ffb8becd000 	C:\Users\eliza\.jdks\openjdk-18.0.1.1\bin\msvcp140.dll
0x00007ffb0b730000 - 0x00007ffb0c340000 	C:\Users\eliza\.jdks\openjdk-18.0.1.1\bin\server\jvm.dll
0x00007ffbb1350000 - 0x00007ffbb13fe000 	C:\WINDOWS\System32\ADVAPI32.dll
0x00007ffbb12a0000 - 0x00007ffbb1344000 	C:\WINDOWS\System32\sechost.dll
0x00007ffbb0980000 - 0x00007ffbb0a97000 	C:\WINDOWS\System32\RPCRT4.dll
0x00007ffbb04f0000 - 0x00007ffbb04f8000 	C:\WINDOWS\System32\PSAPI.DLL
0x00007ffbaa580000 - 0x00007ffbaa589000 	C:\WINDOWS\SYSTEM32\WSOCK32.dll
0x00007ffbafbb0000 - 0x00007ffbafc21000 	C:\WINDOWS\System32\WS2_32.dll
0x00007ffba9bb0000 - 0x00007ffba9be4000 	C:\WINDOWS\SYSTEM32\WINMM.dll
0x00007ffba2880000 - 0x00007ffba288a000 	C:\WINDOWS\SYSTEM32\VERSION.dll
0x00007ffbadb10000 - 0x00007ffbadb28000 	C:\WINDOWS\SYSTEM32\kernel.appcore.dll
0x00007ffba9400000 - 0x00007ffba940a000 	C:\Users\eliza\.jdks\openjdk-18.0.1.1\bin\jimage.dll
0x00007ffbac3d0000 - 0x00007ffbac5fe000 	C:\WINDOWS\SYSTEM32\DBGHELP.DLL
0x00007ffbb0160000 - 0x00007ffbb04e9000 	C:\WINDOWS\System32\combase.dll
0x00007ffbb1570000 - 0x00007ffbb1647000 	C:\WINDOWS\System32\OLEAUT32.dll
0x00007ffb97870000 - 0x00007ffb978a2000 	C:\WINDOWS\SYSTEM32\dbgcore.DLL
0x00007ffbaeaf0000 - 0x00007ffbaeb6b000 	C:\WINDOWS\System32\bcryptPrimitives.dll
0x00007ffb90350000 - 0x00007ffb90375000 	C:\Users\eliza\.jdks\openjdk-18.0.1.1\bin\java.dll
0x00007ffb8bd60000 - 0x00007ffb8be36000 	C:\Users\eliza\.jdks\openjdk-18.0.1.1\bin\jsvml.dll
0x00007ffbb0aa0000 - 0x00007ffbb129a000 	C:\WINDOWS\System32\SHELL32.dll
0x00007ffbacaa0000 - 0x00007ffbad36e000 	C:\WINDOWS\SYSTEM32\windows.storage.dll
0x00007ffbac960000 - 0x00007ffbaca9e000 	C:\WINDOWS\SYSTEM32\wintypes.dll
0x00007ffbaffd0000 - 0x00007ffbb00c1000 	C:\WINDOWS\System32\SHCORE.dll
0x00007ffbb1650000 - 0x00007ffbb16ae000 	C:\WINDOWS\System32\shlwapi.dll
0x00007ffbaea20000 - 0x00007ffbaea41000 	C:\WINDOWS\SYSTEM32\profapi.dll
0x00007ffb99970000 - 0x00007ffb99983000 	C:\Users\eliza\.jdks\openjdk-18.0.1.1\bin\net.dll
0x00007ffba91e0000 - 0x00007ffba9317000 	C:\WINDOWS\SYSTEM32\WINHTTP.dll
0x00007ffbadf90000 - 0x00007ffbadff9000 	C:\WINDOWS\system32\mswsock.dll
0x00007ffb95d20000 - 0x00007ffb95d36000 	C:\Users\eliza\.jdks\openjdk-18.0.1.1\bin\nio.dll
0x00007ffb8efe0000 - 0x00007ffb8eff8000 	C:\Users\eliza\.jdks\openjdk-18.0.1.1\bin\zip.dll
0x00007ffba69e0000 - 0x00007ffba69f0000 	C:\Users\eliza\.jdks\openjdk-18.0.1.1\bin\verify.dll
0x00007ffbad5d0000 - 0x00007ffbad5fd000 	C:\WINDOWS\SYSTEM32\IPHLPAPI.DLL
0x00007ffbaffc0000 - 0x00007ffbaffc9000 	C:\WINDOWS\System32\NSI.dll
0x00007ffba90c0000 - 0x00007ffba90d9000 	C:\WINDOWS\SYSTEM32\dhcpcsvc6.DLL
0x00007ffba90a0000 - 0x00007ffba90bf000 	C:\WINDOWS\SYSTEM32\dhcpcsvc.DLL
0x00007ffbad640000 - 0x00007ffbad733000 	C:\WINDOWS\SYSTEM32\DNSAPI.dll
0x00007ffbae220000 - 0x00007ffbae23b000 	C:\WINDOWS\SYSTEM32\CRYPTSP.dll
0x00007ffbada80000 - 0x00007ffbadab5000 	C:\WINDOWS\system32\rsaenh.dll
0x00007ffbae0b0000 - 0x00007ffbae0d8000 	C:\WINDOWS\SYSTEM32\USERENV.dll
0x00007ffbae3b0000 - 0x00007ffbae3d8000 	C:\WINDOWS\SYSTEM32\bcrypt.dll
0x00007ffbae210000 - 0x00007ffbae21c000 	C:\WINDOWS\SYSTEM32\CRYPTBASE.dll
0x00007ffba58e0000 - 0x00007ffba58ea000 	C:\Windows\System32\rasadhlp.dll
0x00007ffba8780000 - 0x00007ffba8804000 	C:\WINDOWS\System32\fwpuclnt.dll
0x00007ffba93d0000 - 0x00007ffba93d9000 	C:\Users\eliza\.jdks\openjdk-18.0.1.1\bin\management.dll
0x00007ffba93c0000 - 0x00007ffba93cb000 	C:\Users\eliza\.jdks\openjdk-18.0.1.1\bin\management_ext.dll
0x00007ffba69a0000 - 0x00007ffba69ae000 	C:\Users\eliza\.jdks\openjdk-18.0.1.1\bin\sunmscapi.dll
0x00007ffbaeba0000 - 0x00007ffbaed07000 	C:\WINDOWS\System32\CRYPT32.dll
0x00007ffbae380000 - 0x00007ffbae3ae000 	C:\WINDOWS\SYSTEM32\ncrypt.dll
0x00007ffbae340000 - 0x00007ffbae377000 	C:\WINDOWS\SYSTEM32\NTASN1.dll

dbghelp: loaded successfully - version: 4.0.5 - missing functions: none
symbol engine: initialized successfully - sym options: 0x614 - pdb path: .;C:\Users\eliza\.jdks\openjdk-18.0.1.1\bin;C:\WINDOWS\SYSTEM32;C:\WINDOWS\WinSxS\amd64_microsoft.windows.common-controls_6595b64144ccf1df_6.0.22621.1635_none_270f70857386168e;C:\Users\eliza\.jdks\openjdk-18.0.1.1\bin\server

VM Arguments:
jvm_args: -Dorg.gradle.internal.worker.tmpdir=P:\Projects\JetBrains\IntelliJIDEA\RPKS_2\git_Clone\JavaServiceManagment\build\tmp\test\work -Dorg.gradle.native=false -Xmx512m -Dfile.encoding=windows-1251 -Duser.country=RU -Duser.language=ru -Duser.variant -ea 
java_command: worker.org.gradle.process.internal.worker.GradleWorkerMain 'Gradle Test Executor 9'
java_class_path (initial): C:\\Users\\eliza\\.gradle\\caches\\8.0\\workerMain\\gradle-worker.jar;P:\\Projects\\JetBrains\\IntelliJIDEA\\RPKS_2\\git_Clone\\JavaServiceManagment\\build\\classes\\java\\test;P:\\Projects\\JetBrains\\IntelliJIDEA\\RPKS_2\\git_Clone\\JavaServiceManagment\\build\\resources\\test;P:\\Projects\\JetBrains\\IntelliJIDEA\\RPKS_2\\git_Clone\\JavaServiceManagment\\build\\classes\\java\\main;P:\\Projects\\JetBrains\\IntelliJIDEA\\RPKS_2\\git_Clone\\JavaServiceManagment\\build\\resources\\main;C:\\Users\\eliza\\.gradle\\caches\\modules-2\\files-2.1\\org.springframework.boot\\spring-boot-starter-web\\3.0.6\\7c6597cae584c359d7e4ddea6e006176e0c15936\\spring-boot-starter-web-3.0.6.jar;C:\\Users\\eliza\\.gradle\\caches\\modules-2\\files-2.1\\org.springframework.boot\\spring-boot-starter-thymeleaf\\3.0.5\\e23e18da18a7eef641be6797e74de61ac7b399bd\\spring-boot-starter-thymeleaf-3.0.5.jar;C:\\Users\\eliza\\.gradle\\caches\\modules-2\\files-2.1\\org.springdoc\\springdoc-openapi-starter-webmvc-ui\\2.0.2\\264da79c9d4a53feab8c5c6d0e0cb143bd099d4\\springdoc-openapi-starter-webmvc-ui-2.0.2.jar;C:\\Users\\eliza\\.gradle\\caches\\modules-2\\files-2.1\\io.swagger\\swagger-models\\1.6.10\\98196a7341c065c839d5b4de6bc3f5640dd8c6df\\swagger-models-1.6.10.jar;C:\\Users\\eliza\\.gradle\\caches\\modules-2\\files-2.1\\org.springframework.boot\\spring-boot-starter-validation\\3.0.5\\be7d9c0a45e887e25e25d48e6ea9b23a9c7a16d0\\spring-boot-starter-validation-3.0.5.jar;C:\\Users\\eliza\\.gradle\\caches\\modules-2\\files-2.1\\org.springframework.boot\\spring-boot-starter-data-jpa\\3.0.5\\3878bf2b2555fc1d38a9ebde0169eec4eaf6bf1c\\spring-boot-starter-data-jpa-3.0.5.jar;C:\\Users\\eliza\\.gradle\\caches\\modules-2\\files-2.1\\de.codecentric\\spring-boot-admin-starter-client\\3.0.3\\7dd418d4abd40ae35ac7022f8f8905abdd01a1bf\\spring-boot-admin-starter-client-3.0.3.jar;C:\\Users\\eliza\\.gradle\\caches\\modules-2\\files-2.1\\de.codecentric\\spring-boot-admin-client\\3.0.3\\c0934d72f1fb4d2af88915c88ce2f571b05fd78d\\spring-boot-admin-client-3.0.3.jar;C:\\Users\\eliza\\.gradle\\caches\\modules-2\\files-2.1\\org.springframework.boot\\spring-boot-starter-actuator\\3.0.5\\900387ec0d5aa113de159addcd521beba965ca40\\spring-boot-starter-actuator-3.0.5.jar;C:\\Users\\eliza\\.gradle\\caches\\modules-2\\files-2.1\\org.springframework.boot\\spring-boot-starter-test\\3.0.6\\1988f1f440274a8e9d5b35a954b33b60d4965675\\spring-boot-starter-test-3.0.6.jar;C:\\Users\\eliza\\.gradle\\caches\\modules-2\\files-2.1\\org.springframework.boot\\spring-boot-starter-json\\3.0.6\\e0a1dd1653750a8e0a25b7b6be977231d7fa607e\\spring-boot-starter-json-3.0.6.jar;C:\\Users\\eliza\\.gradle\\caches\\modules-2\\files-2.1\\org.springframework.boot\\spring-boot-starter-aop\\3.0.6\\bb39de062db9b7b7a277e6c026ed5ac45f544fc8\\spring-boot-starter-aop-3.0.6.jar;C:\\Users\\eliza\\.gradle\\caches\\modules-2\\files-2.1\\org.springframework.boot\\spring-boot-starter-jdbc\\3.0.6\\672661f4a90a9479170fba058a88892dac5ba69c\\spring-boot-starter-jdbc-3.0.6.jar;C:\\Users\\eliza\\.gradle\\caches\\modules-2\\files-2.1\\org.springframework.boot\\spring-boot-starter\\3.0.6\\1029c155da41fa04820cf81fdbe5752260eead5\\spring-boot-starter-3.0.6.jar;C:\\Users\\eliza\\.gradle\\caches\\modules-2\\files-2.1\\org.springframework.boot\\spring-boot-starter-logging\\3.0.6\\fbbba25bd9870f9a85dd282133019750b79ad9eb\\spring-boot-starter-logging-3.0.6.jar;C:\\Users\\eliza\\.gradle\\caches\\modules-2\\files-2.1\\ch.qos.logback\\logback-classic\\1.4.5\\28e7dc0b208d6c3f15beefd73976e064b4ecfa9b\\logback-classic-1.4.5.jar;C:\\Users\\eliza\\.gradle\\caches\\modules-2\\files-2.1\\org.postgresql\\postgresql\\42.5.4\\15015a54f15e340a9a8a6a2c5457429cb1176b8\\postgresql-42.5.4.jar;C:\\Users\\eliza\\.gradle\\caches\\modules-2\\files-2.1\\com.zaxxer\\HikariCP\\5.0.1\\a74c7f0a37046846e88d54f7cb6ea6d565c65f9c\\HikariCP-5.0.1.jar;C:\\Users\\eliza\\.gradle\\caches\\modules-2\\files-2.1\\org.jooq\\jooq\\3.17.8\\6add040365183a3c0a043e11c6069a46b992df39\\jooq-3.17.8.jar;C:\\Users\\eliza\\.gradle\\caches\\modules-2\\files-2.1\\org.testcontainers\\junit-jupiter\\1.17.6\\94e9894bc665909e208959390ea6540309ce231e\\junit-jupiter-1.17.6.jar;C:\\Users\\eliza\\.gradle\\caches\\modules-2\\files-2.1\\org.testcontainers\\postgresql\\1.17.6\\cd8aba02d8d46159ab85535d34a1e4217322f9a5\\postgresql-1.17.6.jar;C:\\Users\\eliza\\.gradle\\caches\\modules-2\\files-2.1\\org.testcontainers\\jdbc\\1.17.6\\1510482e46f5f70909693fc695a2369751510785\\jdbc-1.17.6.jar;C:\\Users\\eliza\\.gradle\\caches\\modules-2\\files-2.1\\org.testcontainers\\database-commons\\1.17.6\\8a4cd2cda51c2cc3092b1c22f4ee8148be4db410\\database-commons-1.17.6.jar;C:\\Users\\eliza\\.gradle\\caches\\modules-2\\files-2.1\\org.testcontainers\\testcontainers\\1.17.6\\11b28972d2d8bddd5a7d3b6e21016fbe13bc8e8b\\testcontainers-1.17.6.jar;C:\\Users\\eliza\\.gradle\\caches\\modules-2\\files-2.1\\com.github.docker-java\\docker-java-api\\3.2.13\\5817ef8f770cb7e740d590090bf352df9491f3c1\\docker-java-api-3.2.13.jar;C:\\Users\\eliza\\.gradle\\caches\\modules-2\\files-2.1\\org.springframework.boot\\spring-boot-actuator-autoconfigure\\3.0.6\\3fcdd01ccc8e677de63122c8093f0c0485c1b272\\spring-boot-actuator-autoconfigure-3.0.6.jar;C:\\Users\\eliza\\.gradle\\caches\\modules-2\\files-2.1\\com.fasterxml.jackson.datatype\\jackson-datatype-jdk8\\2.14.2\\2f3c71211b6ea7a978eba33574d7135d536e07fb\\jackson-datatype-jdk8-2.14.2.jar;C:\\Users\\eliza\\.gradle\\caches\\modules-2\\files-2.1\\org.springdoc\\springdoc-openapi-starter-webmvc-api\\2.0.2\\479a5cd03969a22d9f8b819ef92c54433e08034a\\springdoc-openapi-starter-webmvc-api-2.0.2.jar;C:\\Users\\eliza\\.gradle\\caches\\modules-2\\files-2.1\\org.springdoc\\springdoc-openapi-starter-common\\2.0.2\\5f668e69d620c56db3ba9689d48d6b64e42235b9\\springdoc-openapi-starter-common-2.0.2.jar;C:\\Users\\eliza\\.gradle\\caches\\modules-2\\files-2.1\\io.swagger.core.v3\\swagger-core-jakarta\\2.2.7\\9111d85fc116ad6ec9d5f6f54edf81c2740e52\\swagger-core-jakarta-2.2.7.jar;C:\\Users\\eliza\\.gradle\\caches\\modules-2\\files-2.1\\com.fasterxml.jackson.datatype\\jackson-datatype-jsr310\\2.14.2\\796518148a385b2728d44886cc0f8852eb8eeb53\\jackson-datatype-jsr310-2.14.2.jar;C:\\Users\\eliza\\.gradle\\caches\\modules-2\\files-2.1\\com.fasterxml.jackson.module\\jackson-module-parameter-names\\2.14.2\\2b6c19b3d99dda02915515df879ab9e23fed3864\\jackson-module-parameter-names-2.14.2.jar;C:\\Users\\eliza\\.gradle\\caches\\modules-2\\files-2.1\\com.fasterxml.jackson.dataformat\\jackson-dataformat-yaml\\2.14.2\\cc9a25c1f4212562dcb2fa33dd8ae179ba0e6a4e\\jackson-dataformat-yaml-2.14.2.jar;C:\\Users\\eliza\\.gradle\\caches\\modules-2\\files-2.1\\com.fasterxml.jackson.core\\jackson-databind\\2.14.2\\1e71fddbc80bb86f71a6345ac1e8ab8a00e7134\\jackson-databind-2.14.2.jar;C:\\Users\\eliza\\.gradle\\caches\\modules-2\\files-2.1\\io.swagger.core.v3\\swagger-models-jakarta\\2.2.7\\b26a24f51b009fe77a0b4b4f67738a60aaff1aa2\\swagger-models-jakarta-2.2.7.jar;C:\\Users\\eliza\\.gradle\\caches\\modules-2\\files-2.1\\com.fasterxml.jackson.core\\jackson-annotations\\2.14.2\\a7aae9525864930723e3453ab799521fdfd9d873\\jackson-annotations-2.14.2.jar;C:\\Users\\eliza\\.gradle\\caches\\modules-2\\files-2.1\\com.fasterxml.jackson.core\\jackson-core\\2.14.2\\f804090e6399ce0cf78242db086017512dd71fcc\\jackson-core-2.14.2.jar;C:\\Users\\eliza\\.gradle\\caches\\modules-2\\files-2.1\\org.junit.jupiter\\junit-jupiter-engine\\5.8.1\\21b86e08aae2720bbf017703669948be96d1388c\\junit-jupiter-engine-5.8.1.jar;C:\\Users\\eliza\\.gradle\\caches\\modules-2\\files-2.1\\org.junit.jupiter\\junit-jupiter-params\\5.9.2\\bc2765afb7b85b583c710dd259a11c6b8c39e912\\junit-jupiter-params-5.9.2.jar;C:\\Users\\eliza\\.gradle\\caches\\modules-2\\files-2.1\\org.junit.platform\\junit-platform-engine\\1.9.2\\40aeef2be7b04f96bb91e8b054affc28b7c7c935\\junit-platform-engine-1.9.2.jar;C:\\Users\\eliza\\.gradle\\caches\\modules-2\\files-2.1\\org.junit.platform\\junit-platform-commons\\1.9.2\\6f9f8621d8230cd38aa42e58ccbc0c00569131ce\\junit-platform-commons-1.9.2.jar;C:\\Users\\eliza\\.gradle\\caches\\modules-2\\files-2.1\\org.junit.jupiter\\junit-jupiter\\5.9.2\\26c586fbe0ebd81b48c9f11f0d998124248697ae\\junit-jupiter-5.9.2.jar;C:\\Users\\eliza\\.gradle\\caches\\modules-2\\files-2.1\\org.mockito\\mockito-junit-jupiter\\4.8.1\\e393aa62eca2244a535b03842843f2f199343d1f\\mockito-junit-jupiter-4.8.1.jar;C:\\Users\\eliza\\.gradle\\caches\\modules-2\\files-2.1\\org.junit.jupiter\\junit-jupiter-api\\5.8.1\\6538b88eb8bf8811bc7b6efb5246f835c15e0bfe\\junit-jupiter-api-5.8.1.jar;C:\\Users\\eliza\\.gradle\\caches\\modules-2\\files-2.1\\org.springframework.boot\\spring-boot-starter-tomcat\\3.0.6\\feae12210905b6cb7ce8affce4f309665c4a805b\\spring-boot-starter-tomcat-3.0.6.jar;C:\\Users\\eliza\\.gradle\\caches\\modules-2\\files-2.1\\org.springframework\\spring-webmvc\\6.0.8\\10b9481118ecf8ae9dc6f9fb47f95ed6da0e43e\\spring-webmvc-6.0.8.jar;C:\\Users\\eliza\\.gradle\\caches\\modules-2\\files-2.1\\org.springframework\\spring-web\\6.0.8\\b2d3643c5dd191b07c642adca0de40c303bb7505\\spring-web-6.0.8.jar;C:\\Users\\eliza\\.gradle\\caches\\modules-2\\files-2.1\\org.thymeleaf\\thymeleaf-spring6\\3.1.1.RELEASE\\deb52ef921a4ac5132fedb7ebfc2bc1dad4382b3\\thymeleaf-spring6-3.1.1.RELEASE.jar;C:\\Users\\eliza\\.gradle\\caches\\modules-2\\files-2.1\\org.webjars\\swagger-ui\\4.15.5\\fc283d7a6d93c58fb466766eef4b8110c57639ea\\swagger-ui-4.15.5.jar;C:\\Users\\eliza\\.gradle\\caches\\modules-2\\files-2.1\\org.webjars\\webjars-locator-core\\0.52\\f219134c6b8d4aebfea70f135b2f80dc2794253f\\webjars-locator-core-0.52.jar;C:\\Users\\eliza\\.gradle\\caches\\modules-2\\files-2.1\\io.github.classgraph\\classgraph\\4.8.149\\4bc2f188bc9001473d4a26ac488c2ae1a3e906de\\classgraph-4.8.149.jar;C:\\Users\\eliza\\.gradle\\caches\\modules-2\\files-2.1\\org.springframework.data\\spring-data-jpa\\3.0.5\\84987fbd727eb0cf2f164dd07fe2bd697ddde8f1\\spring-data-jpa-3.0.5.jar;C:\\Users\\eliza\\.gradle\\caches\\modules-2\\files-2.1\\com.github.docker-java\\docker-java-transport-zerodep\\3.2.13\\4cbc2c09d6c264767a39624066987ed4a152bc68\\docker-java-transport-zerodep-3.2.13.jar;C:\\Users\\eliza\\.gradle\\caches\\modules-2\\files-2.1\\com.jayway.jsonpath\\json-path\\2.7.0\\f9d7d9659f2694e61142046ff8a216c047f263e8\\json-path-2.7.0.jar;C:\\Users\\eliza\\.gradle\\caches\\modules-2\\files-2.1\\org.thymeleaf\\thymeleaf\\3.1.1.RELEASE\\374a129dfa5e7d7f1a46eacc4d49e594ca0cf26f\\thymeleaf-3.1.1.RELEASE.jar;C:\\Users\\eliza\\.gradle\\caches\\modules-2\\files-2.1\\org.springframework.data\\spring-data-commons\\3.0.5\\bd41ef8c15f83b2dcd699e358f6565d650280a0a\\spring-data-commons-3.0.5.jar;C:\\Users\\eliza\\.gradle\\caches\\modules-2\\files-2.1\\org.apache.logging.log4j\\log4j-to-slf4j\\2.19.0\\30f4812e43172ecca5041da2cb6b965cc4777c19\\log4j-to-slf4j-2.19.0.jar;C:\\Users\\eliza\\.gradle\\caches\\modules-2\\files-2.1\\org.slf4j\\jul-to-slf4j\\2.0.7\\a48f44aeaa8a5ddc347007298a28173ac1fbbd8b\\jul-to-slf4j-2.0.7.jar;C:\\Users\\eliza\\.gradle\\caches\\modules-2\\files-2.1\\org.slf4j\\slf4j-api\\2.0.7\\41eb7184ea9d556f23e18b5cb99cad1f8581fc00\\slf4j-api-2.0.7.jar;C:\\Users\\eliza\\.gradle\\caches\\modules-2\\files-2.1\\io.swagger\\swagger-annotations\\1.6.10\\f883d9fb4995370fcc80e39c12e65e362aae0a44\\swagger-annotations-1.6.10.jar;C:\\Users\\eliza\\.gradle\\caches\\modules-2\\files-2.1\\org.apache.tomcat.embed\\tomcat-embed-el\\10.1.8\\6f3a4ae2ae37270eeb6e9bec4e7207facdc9e8fa\\tomcat-embed-el-10.1.8.jar;C:\\Users\\eliza\\.gradle\\caches\\modules-2\\files-2.1\\org.hibernate.validator\\hibernate-validator\\8.0.0.Final\\8e0389f22a3a246915a3311877da4168256b95d2\\hibernate-validator-8.0.0.Final.jar;C:\\Users\\eliza\\.gradle\\caches\\modules-2\\files-2.1\\org.hibernate.orm\\hibernate-core\\6.1.7.Final\\343f47b34c96fe9c44bf9b219a7b3c5d6d2fc90e\\hibernate-core-6.1.7.Final.jar;C:\\Users\\eliza\\.gradle\\caches\\modules-2\\files-2.1\\org.springframework\\spring-aspects\\6.0.8\\53e6f4b4136b40cc0a7137fb05e38b45c2c286fe\\spring-aspects-6.0.8.jar;C:\\Users\\eliza\\.gradle\\caches\\modules-2\\files-2.1\\io.micrometer\\micrometer-core\\1.10.6\\d9bd814320df79b5e95648c9e138a5c40ed2f883\\micrometer-core-1.10.6.jar;C:\\Users\\eliza\\.gradle\\caches\\modules-2\\files-2.1\\io.micrometer\\micrometer-observation\\1.10.6\\2026f75e43d1354530d70be6e88221a46d696ca8\\micrometer-observation-1.10.6.jar;C:\\Users\\eliza\\.gradle\\caches\\modules-2\\files-2.1\\ch.qos.logback\\logback-core\\1.4.7\\a2948dae4013d0e9486141b4d638d8951becb767\\logback-core-1.4.7.jar;C:\\Users\\eliza\\.gradle\\caches\\modules-2\\files-2.1\\org.checkerframework\\checker-qual\\3.5.0\\2f50520c8abea66fbd8d26e481d3aef5c673b510\\checker-qual-3.5.0.jar;C:\\Users\\eliza\\.gradle\\caches\\modules-2\\files-2.1\\io.r2dbc\\r2dbc-spi\\1.0.0.RELEASE\\e3d15b2d27fdb8fdb76a181b21d5c752adf1d165\\r2dbc-spi-1.0.0.RELEASE.jar;C:\\Users\\eliza\\.gradle\\caches\\modules-2\\files-2.1\\org.glassfish.jaxb\\jaxb-runtime\\4.0.2\\e4e4e0c5b0d42054d00dc4023901572a60d368c7\\jaxb-runtime-4.0.2.jar;C:\\Users\\eliza\\.gradle\\caches\\modules-2\\files-2.1\\org.glassfish.jaxb\\jaxb-core\\4.0.2\\8c29249f6c10f4ee08967783831580b0f5c5360\\jaxb-core-4.0.2.jar;C:\\Users\\eliza\\.gradle\\caches\\modules-2\\files-2.1\\jakarta.xml.bind\\jakarta.xml.bind-api\\4.0.0\\bbb399208d288b15ec101fa4fcfc4bd77cedc97a\\jakarta.xml.bind-api-4.0.0.jar;C:\\Users\\eliza\\.gradle\\caches\\modules-2\\files-2.1\\junit\\junit\\4.13.2\\8ac9e16d933b6fb43bc7f576336b8f4d7eb5ba12\\junit-4.13.2.jar;C:\\Users\\eliza\\.gradle\\caches\\modules-2\\files-2.1\\org.apache.commons\\commons-compress\\1.22\\691a8b4e6cf4248c3bc72c8b719337d5cb7359fa\\commons-compress-1.22.jar;C:\\Users\\eliza\\.gradle\\caches\\modules-2\\files-2.1\\org.rnorth.duct-tape\\duct-tape\\1.0.8\\92edc22a9ab2f3e17c9bf700aaee377d50e8b530\\duct-tape-1.0.8.jar;C:\\Users\\eliza\\.gradle\\caches\\modules-2\\files-2.1\\org.springframework.boot\\spring-boot-test-autoconfigure\\3.0.6\\655724d765188924f3a783ed6baf113fe296eae6\\spring-boot-test-autoconfigure-3.0.6.jar;C:\\Users\\eliza\\.gradle\\caches\\modules-2\\files-2.1\\org.springframework.boot\\spring-boot-test\\3.0.6\\2d29691a65f09c09be90f1c1ea8813fa56a76e2b\\spring-boot-test-3.0.6.jar;C:\\Users\\eliza\\.gradle\\caches\\modules-2\\files-2.1\\org.assertj\\assertj-core\\3.23.1\\d2bb60570f5b3d7ffa8f8000118c9c07b86eca93\\assertj-core-3.23.1.jar;C:\\Users\\eliza\\.gradle\\caches\\modules-2\\files-2.1\\org.hamcrest\\hamcrest-core\\2.2\\3f2bd07716a31c395e2837254f37f21f0f0ab24b\\hamcrest-core-2.2.jar;C:\\Users\\eliza\\.gradle\\caches\\modules-2\\files-2.1\\org.hamcrest\\hamcrest\\2.2\\1820c0968dba3a11a1b30669bb1f01978a91dedc\\hamcrest-2.2.jar;C:\\Users\\eliza\\.gradle\\caches\\modules-2\\files-2.1\\org.mockito\\mockito-core\\4.8.1\\d8eb9dec8747d08645347bb8c69088ac83197975\\mockito-core-4.8.1.jar;C:\\Users\\eliza\\.gradle\\caches\\modules-2\\files-2.1\\org.skyscreamer\\jsonassert\\1.5.1\\6d842d0faf4cf6725c509a5e5347d319ee0431c3\\jsonassert-1.5.1.jar;C:\\Users\\eliza\\.gradle\\caches\\modules-2\\files-2.1\\org.springframework\\spring-test\\6.0.8\\bad34744a17d104397f9c89ebeef491db990acba\\spring-test-6.0.8.jar;C:\\Users\\eliza\\.gradle\\caches\\modules-2\\files-2.1\\org.springframework.boot\\spring-boot-autoconfigure\\3.0.6\\8ccd83b2530c96595f92b4e07c1bb17560bfba8b\\spring-boot-autoconfigure-3.0.6.jar;C:\\Users\\eliza\\.gradle\\caches\\modules-2\\files-2.1\\org.springframework.boot\\spring-boot-actuator\\3.0.6\\db54b2e686d2e469642a4b28ecf09edaeed4984b\\spring-boot-actuator-3.0.6.jar;C:\\Users\\eliza\\.gradle\\caches\\modules-2\\files-2.1\\org.springframework.boot\\spring-boot\\3.0.6\\95ac2c7aa28fcdef587b2c4f554016f8b9af624\\spring-boot-3.0.6.jar;C:\\Users\\eliza\\.gradle\\caches\\modules-2\\files-2.1\\org.springframework\\spring-context\\6.0.8\\4550c5e2bbb8cd07647b1b29b47c73cf4732de8c\\spring-context-6.0.8.jar;C:\\Users\\eliza\\.gradle\\caches\\modules-2\\files-2.1\\org.springframework\\spring-aop\\6.0.8\\36c4cf00bab58bbcd60134a154e290185fa71bfa\\spring-aop-6.0.8.jar;C:\\Users\\eliza\\.gradle\\caches\\modules-2\\files-2.1\\org.springframework\\spring-orm\\6.0.8\\97d41b8e4e9823e611cd49aa10730c4055720cb4\\spring-orm-6.0.8.jar;C:\\Users\\eliza\\.gradle\\caches\\modules-2\\files-2.1\\org.springframework\\spring-jdbc\\6.0.8\\3f8e24e37d4ab6982c3979a6d19955023f93f145\\spring-jdbc-6.0.8.jar;C:\\Users\\eliza\\.gradle\\caches\\modules-2\\files-2.1\\org.springframework\\spring-tx\\6.0.8\\d12a11ae6a6a6cb76bcbbf2d496abd25adac4a98\\spring-tx-6.0.8.jar;C:\\Users\\eliza\\.gradle\\caches\\modules-2\\files-2.1\\org.springframework\\spring-beans\\6.0.8\\86393eaf6ace0a84aeb42d3bebaa3c0a660deaed\\spring-beans-6.0.8.jar;C:\\Users\\eliza\\.gradle\\caches\\modules-2\\files-2.1\\org.springframework\\spring-expression\\6.0.8\\2e4f2132fbf168e716a618442d6100b71a0e95f9\\spring-expression-6.0.8.jar;C:\\Users\\eliza\\.gradle\\caches\\modules-2\\files-2.1\\org.springframework\\spring-core\\6.0.8\\70c3748212ba1a64978e4ed1a3e5050204f1fe15\\spring-core-6.0.8.jar;C:\\Users\\eliza\\.gradle\\caches\\modules-2\\files-2.1\\org.xmlunit\\xmlunit-core\\2.9.1\\e5833662d9a1279a37da3ef6f62a1da29fcd68c4\\xmlunit-core-2.9.1.jar;C:\\Users\\eliza\\.gradle\\caches\\modules-2\\files-2.1\\org.opentest4j\\opentest4j\\1.2.0\\28c11eb91f9b6d8e200631d46e20a7f407f2a046\\opentest4j-1.2.0.jar;C:\\Users\\eliza\\.gradle\\caches\\modules-2\\files-2.1\\jakarta.annotation\\jakarta.annotation-api\\2.1.1\\48b9bda22b091b1f48b13af03fe36db3be6e1ae3\\jakarta.annotation-api-2.1.1.jar;C:\\Users\\eliza\\.gradle\\caches\\modules-2\\files-2.1\\org.yaml\\snakeyaml\\1.33\\2cd0a87ff7df953f810c344bdf2fe3340b954c69\\snakeyaml-1.33.jar;C:\\Users\\eliza\\.gradle\\caches\\modules-2\\files-2.1\\org.apache.tomcat.embed\\tomcat-embed-websocket\\10.1.8\\7abb8ab966dd135924c8e69cb2f1db735dee5f23\\tomcat-embed-websocket-10.1.8.jar;C:\\Users\\eliza\\.gradle\\caches\\modules-2\\files-2.1\\org.apache.tomcat.embed\\tomcat-embed-core\\10.1.8\\ec4b884806c65c80c86bb3db134f6f6f99e79ed8\\tomcat-embed-core-10.1.8.jar;C:\\Users\\eliza\\.gradle\\caches\\modules-2\\files-2.1\\jakarta.validation\\jakarta.validation-api\\3.0.2\\92b6631659ba35ca09e44874d3eb936edfeee532\\jakarta.validation-api-3.0.2.jar;C:\\Users\\eliza\\.gradle\\caches\\modules-2\\files-2.1\\org.jboss.logging\\jboss-logging\\3.5.0.Final\\c19307cc11f28f5e2679347e633a3294d865334d\\jboss-logging-3.5.0.Final.jar;C:\\Users\\eliza\\.gradle\\caches\\modules-2\\files-2.1\\com.fasterxml\\classmate\\1.5.1\\3fe0bed568c62df5e89f4f174c101eab25345b6c\\classmate-1.5.1.jar;C:\\Users\\eliza\\.gradle\\caches\\modules-2\\files-2.1\\org.aspectj\\aspectjweaver\\1.9.19\\afbffb1210239fbba5cad73093c5b216d515838f\\aspectjweaver-1.9.19.jar;C:\\Users\\eliza\\.gradle\\caches\\modules-2\\files-2.1\\jakarta.persistence\\jakarta.persistence-api\\3.1.0\\66901fa1c373c6aff65c13791cc11da72060a8d6\\jakarta.persistence-api-3.1.0.jar;C:\\Users\\eliza\\.gradle\\caches\\modules-2\\files-2.1\\jakarta.transaction\\jakarta.transaction-api\\2.0.1\\51a520e3fae406abb84e2e1148e6746ce3f80a1a\\jakarta.transaction-api-2.0.1.jar;C:\\Users\\eliza\\.gradle\\caches\\modules-2\\files-2.1\\org.hibernate.common\\hibernate-commons-annotations\\6.0.6.Final\\77a5f94b56d49508e0ee334751db5b78e5ccd50c\\hibernate-commons-annotations-6.0.6.Final.jar;C:\\Users\\eliza\\.gradle\\caches\\modules-2\\files-2.1\\org.jboss\\jandex\\2.4.2.Final\\1e1c385990b258ff1a24c801e84aebbacf70eb39\\jandex-2.4.2.Final.jar;C:\\Users\\eliza\\.gradle\\caches\\modules-2\\files-2.1\\net.bytebuddy\\byte-buddy\\1.12.23\\d470526e8c4566c04e9ae5d3ccb62d1a7aa58986\\byte-buddy-1.12.23.jar;C:\\Users\\eliza\\.gradle\\caches\\modules-2\\files-2.1\\jakarta.inject\\jakarta.inject-api\\2.0.0\\46fc8560b6fd17b78396d88f39c1a730457671f0\\jakarta.inject-api-2.0.0.jar;C:\\Users\\eliza\\.gradle\\caches\\modules-2\\files-2.1\\org.antlr\\antlr4-runtime\\4.10.1\\10839f875928f59c622d675091d51a43ea0dc5f7\\antlr4-runtime-4.10.1.jar;C:\\Users\\eliza\\.gradle\\caches\\modules-2\\files-2.1\\io.micrometer\\micrometer-commons\\1.10.6\\ddbcbabad244c79537c918422ad3ba66e1a773b4\\micrometer-commons-1.10.6.jar;C:\\Users\\eliza\\.gradle\\caches\\modules-2\\files-2.1\\org.hdrhistogram\\HdrHistogram\\2.1.12\\6eb7552156e0d517ae80cc2247be1427c8d90452\\HdrHistogram-2.1.12.jar;C:\\Users\\eliza\\.gradle\\caches\\modules-2\\files-2.1\\org.latencyutils\\LatencyUtils\\2.0.3\\769c0b82cb2421c8256300e907298a9410a2a3d3\\LatencyUtils-2.0.3.jar;C:\\Users\\eliza\\.gradle\\caches\\modules-2\\files-2.1\\org.reactivestreams\\reactive-streams\\1.0.4\\3864a1320d97d7b045f729a326e1e077661f31b7\\reactive-streams-1.0.4.jar;C:\\Users\\eliza\\.gradle\\caches\\modules-2\\files-2.1\\org.eclipse.angus\\angus-activation\\2.0.0\\72369f4e2314d38de2dcbb277141ef0226f73151\\angus-activation-2.0.0.jar;C:\\Users\\eliza\\.gradle\\caches\\modules-2\\files-2.1\\jakarta.activation\\jakarta.activation-api\\2.1.1\\88c774ab863a21fb2fc4219af95379fafe499a31\\jakarta.activation-api-2.1.1.jar;C:\\Users\\eliza\\.gradle\\caches\\modules-2\\files-2.1\\org.jetbrains\\annotations\\17.0.0\\8ceead41f4e71821919dbdb7a9847608f1a938cb\\annotations-17.0.0.jar;C:\\Users\\eliza\\.gradle\\caches\\modules-2\\files-2.1\\com.github.docker-java\\docker-java-transport\\3.2.13\\e9d308d1822181a9d48c99739f5eca014ec89199\\docker-java-transport-3.2.13.jar;C:\\Users\\eliza\\.gradle\\caches\\modules-2\\files-2.1\\net.java.dev.jna\\jna\\5.8.0\\3551d8d827e54858214107541d3aff9c615cb615\\jna-5.8.0.jar;C:\\Users\\eliza\\.gradle\\caches\\modules-2\\files-2.1\\net.minidev\\json-smart\\2.4.10\\91cb329e9424bf32131eeb1ce2d17bf31b9899bc\\json-smart-2.4.10.jar;C:\\Users\\eliza\\.gradle\\caches\\modules-2\\files-2.1\\net.bytebuddy\\byte-buddy-agent\\1.12.23\\1cba11fdb72c383edacb909f79ae6870efd275e4\\byte-buddy-agent-1.12.23.jar;C:\\Users\\eliza\\.gradle\\caches\\modules-2\\files-2.1\\org.objenesis\\objenesis\\3.2\\7fadf57620c8b8abdf7519533e5527367cb51f09\\objenesis-3.2.jar;C:\\Users\\eliza\\.gradle\\caches\\modules-2\\files-2.1\\com.vaadin.external.google\\android-json\\0.0.20131108.vaadin1\\fa26d351fe62a6a17f5cda1287c1c6110dec413f\\android-json-0.0.20131108.vaadin1.jar;C:\\Users\\eliza\\.gradle\\caches\\modules-2\\files-2.1\\org.springframework\\spring-jcl\\6.0.8\\72aa4dd5eaaede821d3f2ec856c2365c2042a326\\spring-jcl-6.0.8.jar;C:\\Users\\eliza\\.gradle\\caches\\modules-2\\files-2.1\\org.attoparser\\attoparser\\2.0.6.RELEASE\\8f603f22a18d4f7258f8860ccbb68b069f49904a\\attoparser-2.0.6.RELEASE.jar;C:\\Users\\eliza\\.gradle\\caches\\modules-2\\files-2.1\\org.unbescape\\unbescape\\1.1.6.RELEASE\\7b90360afb2b860e09e8347112800d12c12b2a13\\unbescape-1.1.6.RELEASE.jar;C:\\Users\\eliza\\.gradle\\caches\\modules-2\\files-2.1\\net.minidev\\accessors-smart\\2.4.9\\32e540749224c22c9b17de8137e916aae9057e22\\accessors-smart-2.4.9.jar;C:\\Users\\eliza\\.gradle\\caches\\modules-2\\files-2.1\\org.apache.logging.log4j\\log4j-api\\2.19.0\\ea1b37f38c327596b216542bc636cfdc0b8036fa\\log4j-api-2.19.0.jar;C:\\Users\\eliza\\.gradle\\caches\\modules-2\\files-2.1\\org.apache.commons\\commons-lang3\\3.12.0\\c6842c86792ff03b9f1d1fe2aab8dc23aa6c6f0e\\commons-lang3-3.12.0.jar;C:\\Users\\eliza\\.gradle\\caches\\modules-2\\files-2.1\\io.swagger.core.v3\\swagger-annotations-jakarta\\2.2.7\\1629437bff242e019f5fbac9b27dddd6df47a23b\\swagger-annotations-jakarta-2.2.7.jar;C:\\Users\\eliza\\.gradle\\caches\\modules-2\\files-2.1\\org.glassfish.jaxb\\txw2\\4.0.2\\24e167be69c29ebb7ee0a3b1f9b546f1dfd111fc\\txw2-4.0.2.jar;C:\\Users\\eliza\\.gradle\\caches\\modules-2\\files-2.1\\com.sun.istack\\istack-commons-runtime\\4.1.1\\9b3769c76235bc283b060da4fae2318c6d53f07e\\istack-commons-runtime-4.1.1.jar;C:\\Users\\eliza\\.gradle\\caches\\modules-2\\files-2.1\\org.ow2.asm\\asm\\9.3\\8e6300ef51c1d801a7ed62d07cd221aca3a90640\\asm-9.3.jar;C:\\Users\\eliza\\.gradle\\wrapper\\dists\\gradle-8.0-bin\\ca5e32bp14vu59qr306oxotwh\\gradle-8.0\\lib\\plugins\\junit-platform-engine-1.8.2.jar;C:\\Users\\eliza\\.gradle\\wrapper\\dists\\gradle-8.0-bin\\ca5e32bp14vu59qr306oxotwh\\gradle-8.0\\lib\\plugins\\junit-platform-launcher-1.8.2.jar;C:\\Users\\eliza\\.gradle\\wrapper\\dists\\gradle-8.0-bin\\ca5e32bp14vu59qr306oxotwh\\gradle-8.0\\lib\\plugins\\junit-platform-commons-1.8.2.jar
Launcher Type: SUN_STANDARD

[Global flags]
     intx CICompilerCount                          = 4                                         {product} {ergonomic}
     uint ConcGCThreads                            = 2                                         {product} {ergonomic}
     uint G1ConcRefinementThreads                  = 8                                         {product} {ergonomic}
   size_t G1HeapRegionSize                         = 1048576                                   {product} {ergonomic}
    uintx GCDrainStackTargetSize                   = 64                                        {product} {ergonomic}
   size_t InitialHeapSize                          = 117440512                                 {product} {ergonomic}
   size_t MarkStackSize                            = 4194304                                   {product} {ergonomic}
   size_t MaxHeapSize                              = 536870912                                 {product} {command line}
   size_t MaxNewSize                               = 321912832                                 {product} {ergonomic}
   size_t MinHeapDeltaBytes                        = 1048576                                   {product} {ergonomic}
   size_t MinHeapSize                              = 8388608                                   {product} {ergonomic}
    uintx NonNMethodCodeHeapSize                   = 5839372                                {pd product} {ergonomic}
    uintx NonProfiledCodeHeapSize                  = 122909434                              {pd product} {ergonomic}
    uintx ProfiledCodeHeapSize                     = 122909434                              {pd product} {ergonomic}
    uintx ReservedCodeCacheSize                    = 251658240                              {pd product} {ergonomic}
     bool SegmentedCodeCache                       = true                                      {product} {ergonomic}
   size_t SoftMaxHeapSize                          = 536870912                              {manageable} {ergonomic}
     bool UseCompressedClassPointers               = true                           {product lp64_product} {ergonomic}
     bool UseCompressedOops                        = true                           {product lp64_product} {ergonomic}
     bool UseG1GC                                  = true                                      {product} {ergonomic}
     bool UseLargePagesIndividualAllocation        = false                                  {pd product} {ergonomic}

Logging:
Log output configuration:
 #0: stdout all=warning uptime,level,tags foldmultilines=false
 #1: stderr all=off uptime,level,tags foldmultilines=false

Environment Variables:
PATH=;;;C:\Windows\system32;C:\Windows;C:\Windows\System32\Wbem;C:\Windows\System32\WindowsPowerShell\v1.0\;C:\Windows\System32\OpenSSH\;C:\Program Files\Microsoft SQL Server\150\Tools\Binn\;C:\Program Files\dotnet\;C:\Program Files\Git\cmd;C:\Program Files\Git\mingw64\bin;C:\Program Files\Git\usr\bin;P:\Programs\MySql\bin;C:\WINDOWS\system32;C:\WINDOWS;C:\WINDOWS\System32\Wbem;C:\WINDOWS\System32\WindowsPowerShell\v1.0\;C:\WINDOWS\System32\OpenSSH\;C:\Program Files\PowerShell\7\;C:\Program Files\Docker\Docker\resources\bin;C:\Users\eliza\AppData\Local\Programs\Python\Python38\Scripts\;C:\Users\eliza\AppData\Local\Programs\Python\Python38\;C:\Users\eliza\AppData\Local\Microsoft\WindowsApps;P:\Programs\JetBrains\PyCharm 2022.1.3\Program Files\JetBrains\PyCharm 2022.1.3\bin;;P:\Programs\JetBrains\IntelliJ IDEA 2023.1.2\bin;;P:\Programs\JetBrains\CLion 2022.2.4\bin;;C:\Users\eliza\.dotnet\tools;C:\texlive\2022\bin\win32;P:\Programs\JetBrains\Rider 2022.2.4\bin;;C:\ProgramData\eliza\GitHubDesktop\bin;C:\Users\eliza\AppData\Local\GitHubDesktop\bin;P:\Programs\JetBrains\DataGrip 2022.2.5\bin;;;P:\Programs\JetBrains\Gateway 2023.1\JetBrains Gateway 2023.1\bin;
USERNAME=eliza
OS=Windows_NT
PROCESSOR_IDENTIFIER=AMD64 Family 23 Model 24 Stepping 1, AuthenticAMD



---------------  S Y S T E M  ---------------

OS:
 Windows 11 , 64 bit Build 22621 (10.0.22621.1778)
OS uptime: 2 days 0:02 hours
Hyper-V role detected

CPU: total 8 (initial active 8) (8 cores per cpu, 2 threads per core) family 23 model 24 stepping 1 microcode 0x0, cx8, cmov, fxsr, ht, mmx, 3dnowpref, sse, sse2, sse3, ssse3, sse4a, sse4.1, sse4.2, popcnt, lzcnt, tsc, tscinvbit, avx, avx2, aes, clmul, bmi1, bmi2, adx, sha, fma, vzeroupper, clflush, clflushopt, hv

Memory: 4k page, system-wide physical 7103M (97M free)
TotalPageFile size 22817M (AvailPageFile size 100M)
current process WorkingSet (physical memory assigned to process): 358M, peak: 361M
current process commit charge ("private bytes"): 398M, peak: 503M

vm_info: OpenJDK 64-Bit Server VM (18.0.1.1+2-6) for windows-amd64 JRE (18.0.1.1+2-6), built on Apr 25 2022 21:50:56 by "mach5one" with MS VC++ 16.8 / 16.9 (VS2019)

END.
